#
# There is insufficient memory for the Java Runtime Environment to continue.
# Native memory allocation (mmap) failed to map 1912602624 bytes for G1 virtual space
# Possible reasons:
#   The system is out of physical RAM or swap space
# Possible solutions:
#   Reduce memory load on the system
#   Increase physical memory or swap space
#   Check if swap backing store is full
#   Decrease Java heap size (-Xmx/-Xms)
#   Decrease number of Java threads
#   Decrease Java thread stack sizes (-Xss)
#   Set larger code cache with -XX:ReservedCodeCacheSize=
# This output file may be truncated or incomplete.
#
#  Out of Memory Error (os_windows.cpp:3530), pid=10464, tid=17788
#
# JRE version: Java(TM) SE Runtime Environment (18.0.1.1+2) (build 18.0.1.1+2-6)
# Java VM: Java HotSpot(TM) 64-Bit Server VM (18.0.1.1+2-6, mixed mode, sharing, tiered, compressed class ptrs, g1 gc, windows-amd64)
# No core dump will be written. Minidumps are not enabled by default on client versions of Windows
#

---------------  S U M M A R Y ------------

Command Line: -Xmx50g -XX:+IgnoreUnrecognizedVMOptions --add-opens=java.base/java.lang=ALL-UNNAMED --add-opens=java.base/java.lang.invoke=ALL-UNNAMED --add-opens=java.base/java.lang.reflect=ALL-UNNAMED --add-opens=java.base/java.io=ALL-UNNAMED --add-opens=java.base/java.net=ALL-UNNAMED --add-opens=java.base/java.nio=ALL-UNNAMED --add-opens=java.base/java.util=ALL-UNNAMED --add-opens=java.base/java.util.concurrent=ALL-UNNAMED --add-opens=java.base/java.util.concurrent.atomic=ALL-UNNAMED --add-opens=java.base/sun.nio.ch=ALL-UNNAMED --add-opens=java.base/sun.nio.cs=ALL-UNNAMED --add-opens=java.base/sun.security.action=ALL-UNNAMED --add-opens=java.base/sun.util.calendar=ALL-UNNAMED --add-opens=java.security.jgss/sun.security.krb5=ALL-UNNAMED org.apache.spark.deploy.SparkSubmit --conf spark.executor.memory=70g --conf spark.memory.offHeap.enabled=True --conf spark.master=local[1] --conf spark.driver.memory=50g --conf spark.memory.offHeap.size=16g --conf spark.app.name=SparkByExamples.com pyspark-shell

Host: Intel(R) Core(TM) i5-9300H CPU @ 2.40GHz, 8 cores, 7G,  Windows 11 , 64 bit Build 22000 (10.0.22000.1219)
Time: Sat Dec 17 18:08:25 2022 FLE Standard Time elapsed time: 8363.035160 seconds (0d 2h 19m 23s)

---------------  T H R E A D  ---------------

Current thread (0x0000021b7b5be550):  VMThread "VM Thread" [stack: 0x000000214ee00000,0x000000214ef00000] [id=17788]

Stack: [0x000000214ee00000,0x000000214ef00000]
Native frames: (J=compiled Java code, j=interpreted, Vv=VM code, C=native code)
V  [jvm.dll+0x69887a]
V  [jvm.dll+0x7f38bd]
V  [jvm.dll+0x7f51ce]
V  [jvm.dll+0x7f5883]
V  [jvm.dll+0x25ca3f]
V  [jvm.dll+0x6957c9]
V  [jvm.dll+0x68a2fa]
V  [jvm.dll+0x321efb]
V  [jvm.dll+0x3298d6]
V  [jvm.dll+0x37e47e]
V  [jvm.dll+0x37e6af]
V  [jvm.dll+0x2f9c7a]
V  [jvm.dll+0x2f9d27]
V  [jvm.dll+0x33e262]
V  [jvm.dll+0x33c804]
V  [jvm.dll+0x2f9450]
V  [jvm.dll+0x33bddb]
V  [jvm.dll+0x7fa66b]
V  [jvm.dll+0x7fb404]
V  [jvm.dll+0x7fb93c]
V  [jvm.dll+0x7fbd94]
V  [jvm.dll+0x7fbe57]
V  [jvm.dll+0x7a03ea]
V  [jvm.dll+0x697725]
C  [ucrtbase.dll+0x26c0c]
C  [KERNEL32.DLL+0x15550]
C  [ntdll.dll+0x485b]

VM_Operation (0x0000002152efe6b0): G1CollectForAllocation, mode: safepoint, requested by thread 0x00000228386ea7e0


---------------  P R O C E S S  ---------------

Threads class SMR info:
_java_thread_list=0x00000228374bde50, length=56, elements={
0x0000021b7b035260, 0x0000021b7b74c100, 0x0000021b7b74caa0, 0x0000021b7b7640a0,
0x0000021b7b764a40, 0x0000021b7b7673f0, 0x0000021b7b767d90, 0x0000021b7b76f790,
0x0000021b7b778180, 0x0000021b7b78f340, 0x000002283464ace0, 0x000002283464b7b0,
0x0000022835d36aa0, 0x0000022835f62830, 0x00000228368139f0, 0x0000022837134aa0,
0x0000022836ab4c60, 0x0000022836931a60, 0x0000022835c11a80, 0x0000022835c12420,
0x0000022835c128f0, 0x0000022835c13760, 0x0000022835c13290, 0x0000022835c13c30,
0x0000022835c10740, 0x0000022835c115b0, 0x00000228377b8080, 0x00000228377bd720,
0x00000228377bbf10, 0x00000228377bb0a0, 0x00000228377bef30, 0x00000228377ba230,
0x00000228377bf8d0, 0x00000228377bba40, 0x00000228377ba700, 0x00000228377bc3e0,
0x00000228377b8ef0, 0x00000228377bb570, 0x00000228377b93c0, 0x00000228377b8550,
0x00000228377bc8b0, 0x00000228377bcd80, 0x00000228377b8a20, 0x00000228377b9890,
0x00000228377b9d60, 0x00000228369e44e0, 0x00000228369e4e80, 0x00000228369e3b40,
0x00000228369e49b0, 0x00000228369e61c0, 0x00000228369e5350, 0x00000228369e5cf0,
0x00000228369e31a0, 0x0000022837b9ebb0, 0x00000228386eb650, 0x00000228386ea7e0
}

Java Threads: ( => current thread )
  0x0000021b7b035260 JavaThread "main" [_thread_in_native, id=24124, stack(0x000000214e800000,0x000000214e900000)]
  0x0000021b7b74c100 JavaThread "Reference Handler" daemon [_thread_blocked, id=27572, stack(0x000000214ef00000,0x000000214f000000)]
  0x0000021b7b74caa0 JavaThread "Finalizer" daemon [_thread_blocked, id=37328, stack(0x000000214f000000,0x000000214f100000)]
  0x0000021b7b7640a0 JavaThread "Signal Dispatcher" daemon [_thread_blocked, id=26068, stack(0x000000214f100000,0x000000214f200000)]
  0x0000021b7b764a40 JavaThread "Attach Listener" daemon [_thread_blocked, id=39740, stack(0x000000214f200000,0x000000214f300000)]
  0x0000021b7b7673f0 JavaThread "Service Thread" daemon [_thread_blocked, id=40532, stack(0x000000214f300000,0x000000214f400000)]
  0x0000021b7b767d90 JavaThread "Monitor Deflation Thread" daemon [_thread_blocked, id=1544, stack(0x000000214f400000,0x000000214f500000)]
  0x0000021b7b76f790 JavaThread "C2 CompilerThread0" daemon [_thread_blocked, id=31396, stack(0x000000214f500000,0x000000214f600000)]
  0x0000021b7b778180 JavaThread "C1 CompilerThread0" daemon [_thread_blocked, id=30640, stack(0x000000214f600000,0x000000214f700000)]
  0x0000021b7b78f340 JavaThread "Sweeper thread" daemon [_thread_blocked, id=18908, stack(0x000000214f700000,0x000000214f800000)]
  0x000002283464ace0 JavaThread "Common-Cleaner" daemon [_thread_blocked, id=5264, stack(0x000000214f800000,0x000000214f900000)]
  0x000002283464b7b0 JavaThread "Notification Thread" daemon [_thread_blocked, id=37412, stack(0x000000214f900000,0x000000214fa00000)]
  0x0000022835d36aa0 JavaThread "Thread-1" [_thread_in_native, id=40852, stack(0x0000002150300000,0x0000002150400000)]
  0x0000022835f62830 JavaThread "Thread-2" [_thread_in_native, id=2148, stack(0x000000214fe00000,0x000000214ff00000)]
  0x00000228368139f0 JavaThread "Thread-3" [_thread_in_native, id=32292, stack(0x0000002150700000,0x0000002150800000)]
  0x0000022837134aa0 JavaThread "rpc-boss-3-1" daemon [_thread_in_native, id=28264, stack(0x0000002150800000,0x0000002150900000)]
  0x0000022836ab4c60 JavaThread "dispatcher-event-loop-0" daemon [_thread_blocked, id=40564, stack(0x0000002150900000,0x0000002150a00000)]
  0x0000022836931a60 JavaThread "dispatcher-event-loop-1" daemon [_thread_blocked, id=40008, stack(0x0000002150a00000,0x0000002150b00000)]
  0x0000022835c11a80 JavaThread "map-output-dispatcher-0" daemon [_thread_blocked, id=13584, stack(0x0000002150b00000,0x0000002150c00000)]
  0x0000022835c12420 JavaThread "map-output-dispatcher-1" daemon [_thread_blocked, id=15456, stack(0x0000002150c00000,0x0000002150d00000)]
  0x0000022835c128f0 JavaThread "map-output-dispatcher-2" daemon [_thread_blocked, id=7000, stack(0x0000002150d00000,0x0000002150e00000)]
  0x0000022835c13760 JavaThread "map-output-dispatcher-3" daemon [_thread_blocked, id=38180, stack(0x0000002150e00000,0x0000002150f00000)]
  0x0000022835c13290 JavaThread "map-output-dispatcher-4" daemon [_thread_blocked, id=38260, stack(0x0000002150f00000,0x0000002151000000)]
  0x0000022835c13c30 JavaThread "map-output-dispatcher-5" daemon [_thread_blocked, id=18488, stack(0x0000002151000000,0x0000002151100000)]
  0x0000022835c10740 JavaThread "map-output-dispatcher-6" daemon [_thread_blocked, id=33984, stack(0x0000002151100000,0x0000002151200000)]
  0x0000022835c115b0 JavaThread "map-output-dispatcher-7" daemon [_thread_blocked, id=36112, stack(0x0000002151200000,0x0000002151300000)]
  0x00000228377b8080 JavaThread "dispatcher-BlockManagerMaster" daemon [_thread_blocked, id=33276, stack(0x0000002151300000,0x0000002151400000)]
  0x00000228377bd720 JavaThread "dispatcher-BlockManagerEndpoint1" daemon [_thread_blocked, id=27068, stack(0x0000002151400000,0x0000002151500000)]
  0x00000228377bbf10 JavaThread "RemoteBlock-temp-file-clean-thread" daemon [_thread_blocked, id=31468, stack(0x0000002151500000,0x0000002151600000)]
  0x00000228377bb0a0 JavaThread "refresh progress" daemon [_thread_blocked, id=36888, stack(0x0000002151600000,0x0000002151700000)]
  0x00000228377bef30 JavaThread "SparkUI-36" daemon [_thread_in_native, id=25140, stack(0x0000002151700000,0x0000002151800000)]
  0x00000228377ba230 JavaThread "SparkUI-37" daemon [_thread_in_native, id=41276, stack(0x0000002151800000,0x0000002151900000)]
  0x00000228377bf8d0 JavaThread "SparkUI-38" daemon [_thread_in_native, id=14860, stack(0x0000002151900000,0x0000002151a00000)]
  0x00000228377bba40 JavaThread "SparkUI-39" daemon [_thread_in_native, id=8004, stack(0x0000002151a00000,0x0000002151b00000)]
  0x00000228377ba700 JavaThread "SparkUI-40-acceptor-0@482d51ef-ServerConnector@46eab69a{HTTP/1.1, (http/1.1)}{0.0.0.0:4041}" daemon [_thread_in_native, id=32960, stack(0x0000002151b00000,0x0000002151c00000)]
  0x00000228377bc3e0 JavaThread "SparkUI-41" daemon [_thread_blocked, id=6896, stack(0x0000002151c00000,0x0000002151d00000)]
  0x00000228377b8ef0 JavaThread "SparkUI-42" daemon [_thread_blocked, id=38036, stack(0x0000002151d00000,0x0000002151e00000)]
  0x00000228377bb570 JavaThread "SparkUI-43" daemon [_thread_blocked, id=9160, stack(0x0000002151e00000,0x0000002151f00000)]
  0x00000228377b93c0 JavaThread "heartbeat-receiver-event-loop-thread" daemon [_thread_blocked, id=26712, stack(0x0000002151f00000,0x0000002152000000)]
  0x00000228377b8550 JavaThread "netty-rpc-env-timeout" daemon [_thread_blocked, id=40660, stack(0x0000002152000000,0x0000002152100000)]
  0x00000228377bc8b0 JavaThread "task-starvation-timer" daemon [_thread_blocked, id=27220, stack(0x0000002152100000,0x0000002152200000)]
  0x00000228377bcd80 JavaThread "task-abort-timer" daemon [_thread_blocked, id=41344, stack(0x0000002152200000,0x0000002152300000)]
  0x00000228377b8a20 JavaThread "dag-scheduler-event-loop" daemon [_thread_blocked, id=23056, stack(0x0000002152300000,0x0000002152400000)]
  0x00000228377b9890 JavaThread "driver-heartbeater" daemon [_thread_blocked, id=41820, stack(0x0000002152400000,0x0000002152500000)]
  0x00000228377b9d60 JavaThread "executor-kill-mark-cleanup" daemon [_thread_blocked, id=37584, stack(0x0000002152500000,0x0000002152600000)]
  0x00000228369e44e0 JavaThread "executor-heartbeater" daemon [_thread_blocked, id=37108, stack(0x0000002152600000,0x0000002152700000)]
  0x00000228369e4e80 JavaThread "shuffle-boss-6-1" daemon [_thread_in_native, id=5328, stack(0x0000002152700000,0x0000002152800000)]
  0x00000228369e3b40 JavaThread "Spark Context Cleaner" daemon [_thread_blocked, id=35168, stack(0x0000002152800000,0x0000002152900000)]
  0x00000228369e49b0 JavaThread "context-cleaner-periodic-gc" daemon [_thread_blocked, id=22024, stack(0x0000002152900000,0x0000002152a00000)]
  0x00000228369e61c0 JavaThread "spark-listener-group-appStatus" daemon [_thread_blocked, id=19132, stack(0x0000002152a00000,0x0000002152b00000)]
  0x00000228369e5350 JavaThread "spark-listener-group-executorManagement" daemon [_thread_blocked, id=40700, stack(0x0000002152b00000,0x0000002152c00000)]
  0x00000228369e5cf0 JavaThread "element-tracking-store-worker" daemon [_thread_blocked, id=18576, stack(0x0000002152c00000,0x0000002152d00000)]
  0x00000228369e31a0 JavaThread "org.apache.hadoop.fs.FileSystem$Statistics$StatisticsDataReferenceCleaner" daemon [_thread_blocked, id=39940, stack(0x0000002152d00000,0x0000002152e00000)]
  0x0000022837b9ebb0 JavaThread "spark-listener-group-shared" daemon [_thread_blocked, id=41800, stack(0x0000002150500000,0x0000002150600000)]
  0x00000228386eb650 JavaThread "serve-Arrow" daemon [_thread_blocked, id=34852, stack(0x0000002152f00000,0x0000002153000000)]
  0x00000228386ea7e0 JavaThread "Executor task launch worker for task 0.0 in stage 0.0 (TID 0)" daemon [_thread_blocked, id=38420, stack(0x0000002152e00000,0x0000002152f00000)]

Other Threads:
=>0x0000021b7b5be550 VMThread "VM Thread" [stack: 0x000000214ee00000,0x000000214ef00000] [id=17788]
  0x0000022834650970 WatcherThread "VM Periodic Task Thread" [stack: 0x000000214fa00000,0x000000214fb00000] [id=4676]
  0x0000021b7b0d6c90 WorkerThread "GC Thread#0" [stack: 0x000000214e900000,0x000000214ea00000] [id=34548]
  0x000002283555cc90 WorkerThread "GC Thread#1" [stack: 0x000000214fb00000,0x000000214fc00000] [id=38440]
  0x000002283560b930 WorkerThread "GC Thread#2" [stack: 0x000000214fc00000,0x000000214fd00000] [id=3968]
  0x000002283560e7d0 WorkerThread "GC Thread#3" [stack: 0x000000214fd00000,0x000000214fe00000] [id=41400]
  0x0000022835a01e60 WorkerThread "GC Thread#4" [stack: 0x000000214ff00000,0x0000002150000000] [id=23388]
  0x0000022835b4c0c0 WorkerThread "GC Thread#5" [stack: 0x0000002150000000,0x0000002150100000] [id=24244]
  0x0000022835b4c360 WorkerThread "GC Thread#6" [stack: 0x0000002150100000,0x0000002150200000] [id=9576]
  0x0000022835b4c810 WorkerThread "GC Thread#7" [stack: 0x0000002150200000,0x0000002150300000] [id=18508]
  0x0000021b7b0ddea0 ConcurrentGCThread "G1 Main Marker" [stack: 0x000000214ea00000,0x000000214eb00000] [id=25124]
  0x0000021b7b0de8f0 WorkerThread "G1 Conc#0" [stack: 0x000000214eb00000,0x000000214ec00000] [id=13776]
  0x0000022835d36f60 WorkerThread "G1 Conc#1" [stack: 0x0000002150400000,0x0000002150500000] [id=29240]
  0x0000021b7b604400 ConcurrentGCThread "G1 Refine#0" [stack: 0x000000214ec00000,0x000000214ed00000] [id=6860]
  0x0000021b7b605bc0 ConcurrentGCThread "G1 Service" [stack: 0x000000214ed00000,0x000000214ee00000] [id=36532]

Threads with active compile tasks:

VM state: at safepoint (normal execution)

VM Mutex/Monitor currently owned by a thread:  ([mutex/lock_event])
[0x0000021b7b0324e0] Threads_lock - owner thread: 0x0000021b7b5be550
[0x0000021b7b031ac0] Heap_lock - owner thread: 0x00000228386ea7e0

CDS archive(s) mapped at: [0x0000000800000000-0x0000000800ba0000-0x0000000800ba0000), size 12189696, SharedBaseAddress: 0x0000000800000000, ArchiveRelocationMode: 0.
Compressed class space mapped at: 0x0000000800c00000-0x0000000840c00000, reserved size: 1073741824
Narrow klass base: 0x0000000800000000, Narrow klass shift: 0, Narrow klass range: 0x100000000

GC Precious Log:
 CardTable entry size: 512
 Card Set container configuration: InlinePtr #cards 3 size 8 Array Of Cards #cards 256 size 528 Howl #buckets 8 coarsen threshold 58982 Howl Bitmap #cards 8192 size 1040 coarsen threshold 7372 Card regions per heap region 1 cards per card region 65536
 CPUs: 8 total, 8 available
 Memory: 8072M
 Large Page Support: Disabled
 NUMA Support: Disabled
 Compressed Oops: Disabled
 Heap Region Size: 32M
 Heap Min Capacity: 32M
 Heap Initial Capacity: 128M
 Heap Max Capacity: 50G
 Pre-touch: Disabled
 Parallel Workers: 8
 Concurrent Workers: 2
 Concurrent Refinement Workers: 8
 Periodic GC: Disabled

Heap:
 garbage-first heap   total 1802240K, used 214110K [0x0000021b7c000000, 0x00000227fc000000)
  region size 32768K, 1 young (32768K), 1 survivors (32768K)
 Metaspace       used 103290K, committed 104192K, reserved 1179648K
  class space    used 13732K, committed 14144K, reserved 1048576K

Heap Regions: E=young(eden), S=young(survivor), O=old, HS=humongous(starts), HC=humongous(continues), CS=collection set, F=free, OA=open archive, CA=closed archive, TAMS=top-at-mark-start (previous, next)
|   0|0x0000021b7c000000, 0x0000021b7e000000, 0x0000021b7e000000|100%| O|  |TAMS 0x0000021b7e000000, 0x0000021b7c000000| Untracked 
|   1|0x0000021b7e000000, 0x0000021b80000000, 0x0000021b80000000|100%|HS|  |TAMS 0x0000021b80000000, 0x0000021b7e000000| Untracked 
|   2|0x0000021b80000000, 0x0000021b82000000, 0x0000021b82000000|100%|HS|  |TAMS 0x0000021b82000000, 0x0000021b80000000| Untracked 
|   3|0x0000021b82000000, 0x0000021b84000000, 0x0000021b84000000|100%| O|  |TAMS 0x0000021b84000000, 0x0000021b82000000| Untracked 
|   4|0x0000021b84000000, 0x0000021b86000000, 0x0000021b86000000|100%|HS|  |TAMS 0x0000021b86000000, 0x0000021b84000000| Untracked 
|   5|0x0000021b86000000, 0x0000021b88000000, 0x0000021b88000000|100%|HS|  |TAMS 0x0000021b88000000, 0x0000021b86000000| Untracked 
|   6|0x0000021b88000000, 0x0000021b88ccc6f8, 0x0000021b8a000000| 39%| O|  |TAMS 0x0000021b88000000, 0x0000021b88000000| Untracked 
|   7|0x0000021b8a000000, 0x0000021b8a060ea0, 0x0000021b8c000000|  1%| O|  |TAMS 0x0000021b8a000000, 0x0000021b8a000000| Untracked 
|   8|0x0000021b8c000000, 0x0000021b8c045298, 0x0000021b8e000000|  0%| O|  |TAMS 0x0000021b8c000000, 0x0000021b8c000000| Untracked 
|   9|0x0000021b8e000000, 0x0000021b8e005bd0, 0x0000021b90000000|  0%| O|  |TAMS 0x0000021b8e000000, 0x0000021b8e000000| Untracked 
|  10|0x0000021b90000000, 0x0000021b900000b0, 0x0000021b92000000|  0%| O|  |TAMS 0x0000021b90000000, 0x0000021b90000000| Untracked 
|  11|0x0000021b92000000, 0x0000021b92399400, 0x0000021b94000000| 11%| O|  |TAMS 0x0000021b92000000, 0x0000021b92000000| Untracked 
|  12|0x0000021b94000000, 0x0000021b94000000, 0x0000021b96000000|  0%| F|  |TAMS 0x0000021b94000000, 0x0000021b94000000| Untracked 
|  13|0x0000021b96000000, 0x0000021b96000000, 0x0000021b98000000|  0%| F|  |TAMS 0x0000021b96000000, 0x0000021b96000000| Untracked 
|  14|0x0000021b98000000, 0x0000021b98000000, 0x0000021b9a000000|  0%| F|  |TAMS 0x0000021b98000000, 0x0000021b98000000| Untracked 
|  15|0x0000021b9a000000, 0x0000021b9a000000, 0x0000021b9c000000|  0%| F|  |TAMS 0x0000021b9a000000, 0x0000021b9a000000| Untracked 
|  16|0x0000021b9c000000, 0x0000021b9c000000, 0x0000021b9e000000|  0%| F|  |TAMS 0x0000021b9c000000, 0x0000021b9c000000| Untracked 
|  17|0x0000021b9e000000, 0x0000021b9e000000, 0x0000021ba0000000|  0%| F|  |TAMS 0x0000021b9e000000, 0x0000021b9e000000| Untracked 
|  18|0x0000021ba0000000, 0x0000021ba0000000, 0x0000021ba2000000|  0%| F|  |TAMS 0x0000021ba0000000, 0x0000021ba0000000| Untracked 
|  19|0x0000021ba2000000, 0x0000021ba2000000, 0x0000021ba4000000|  0%| F|  |TAMS 0x0000021ba2000000, 0x0000021ba2000000| Untracked 
|  20|0x0000021ba4000000, 0x0000021ba4000000, 0x0000021ba6000000|  0%| F|  |TAMS 0x0000021ba4000000, 0x0000021ba4000000| Untracked 
|  21|0x0000021ba6000000, 0x0000021ba6000000, 0x0000021ba8000000|  0%| F|  |TAMS 0x0000021ba6000000, 0x0000021ba6000000| Untracked 
|  22|0x0000021ba8000000, 0x0000021ba8000000, 0x0000021baa000000|  0%| F|  |TAMS 0x0000021ba8000000, 0x0000021ba8000000| Untracked 
|  23|0x0000021baa000000, 0x0000021baa000000, 0x0000021bac000000|  0%| F|  |TAMS 0x0000021baa000000, 0x0000021baa000000| Untracked 
|  24|0x0000021bac000000, 0x0000021bac000000, 0x0000021bae000000|  0%| F|  |TAMS 0x0000021bac000000, 0x0000021bac000000| Untracked 
|  25|0x0000021bae000000, 0x0000021bae000000, 0x0000021bb0000000|  0%| F|  |TAMS 0x0000021bae000000, 0x0000021bae000000| Untracked 
|  26|0x0000021bb0000000, 0x0000021bb0000000, 0x0000021bb2000000|  0%| F|  |TAMS 0x0000021bb0000000, 0x0000021bb0000000| Untracked 
|  27|0x0000021bb2000000, 0x0000021bb2000000, 0x0000021bb4000000|  0%| F|  |TAMS 0x0000021bb2000000, 0x0000021bb2000000| Untracked 
|  28|0x0000021bb4000000, 0x0000021bb4000000, 0x0000021bb6000000|  0%| F|  |TAMS 0x0000021bb4000000, 0x0000021bb4000000| Untracked 
|  29|0x0000021bb6000000, 0x0000021bb6000000, 0x0000021bb8000000|  0%| F|  |TAMS 0x0000021bb6000000, 0x0000021bb6000000| Untracked 
|  30|0x0000021bb8000000, 0x0000021bb8000000, 0x0000021bba000000|  0%| F|  |TAMS 0x0000021bb8000000, 0x0000021bb8000000| Untracked 
|  31|0x0000021bba000000, 0x0000021bba000000, 0x0000021bbc000000|  0%| F|  |TAMS 0x0000021bba000000, 0x0000021bba000000| Untracked 
|  32|0x0000021bbc000000, 0x0000021bbc000000, 0x0000021bbe000000|  0%| F|  |TAMS 0x0000021bbc000000, 0x0000021bbc000000| Untracked 
|  33|0x0000021bbe000000, 0x0000021bbe000000, 0x0000021bc0000000|  0%| F|  |TAMS 0x0000021bbe000000, 0x0000021bbe000000| Untracked 
|  34|0x0000021bc0000000, 0x0000021bc0000000, 0x0000021bc2000000|  0%| F|  |TAMS 0x0000021bc0000000, 0x0000021bc0000000| Untracked 
|  35|0x0000021bc2000000, 0x0000021bc2000000, 0x0000021bc4000000|  0%| F|  |TAMS 0x0000021bc2000000, 0x0000021bc2000000| Untracked 
|  36|0x0000021bc4000000, 0x0000021bc4000000, 0x0000021bc6000000|  0%| F|  |TAMS 0x0000021bc4000000, 0x0000021bc4000000| Untracked 
|  37|0x0000021bc6000000, 0x0000021bc6000000, 0x0000021bc8000000|  0%| F|  |TAMS 0x0000021bc6000000, 0x0000021bc6000000| Untracked 
|  38|0x0000021bc8000000, 0x0000021bc8000000, 0x0000021bca000000|  0%| F|  |TAMS 0x0000021bc8000000, 0x0000021bc8000000| Untracked 
|  39|0x0000021bca000000, 0x0000021bca000000, 0x0000021bcc000000|  0%| F|  |TAMS 0x0000021bca000000, 0x0000021bca000000| Untracked 
|  40|0x0000021bcc000000, 0x0000021bcc000000, 0x0000021bce000000|  0%| F|  |TAMS 0x0000021bcc000000, 0x0000021bcc000000| Untracked 
|  41|0x0000021bce000000, 0x0000021bce000000, 0x0000021bd0000000|  0%| F|  |TAMS 0x0000021bce000000, 0x0000021bce000000| Untracked 
|  42|0x0000021bd0000000, 0x0000021bd0000000, 0x0000021bd2000000|  0%| F|  |TAMS 0x0000021bd0000000, 0x0000021bd0000000| Untracked 
|  43|0x0000021bd2000000, 0x0000021bd2000000, 0x0000021bd4000000|  0%| F|  |TAMS 0x0000021bd2000000, 0x0000021bd2000000| Untracked 
|  44|0x0000021bd4000000, 0x0000021bd4000000, 0x0000021bd6000000|  0%| F|  |TAMS 0x0000021bd4000000, 0x0000021bd4000000| Untracked 
|  45|0x0000021bd6000000, 0x0000021bd6000000, 0x0000021bd8000000|  0%| F|  |TAMS 0x0000021bd6000000, 0x0000021bd6000000| Untracked 
|  46|0x0000021bd8000000, 0x0000021bd8000000, 0x0000021bda000000|  0%| F|  |TAMS 0x0000021bd8000000, 0x0000021bd8000000| Untracked 
|  47|0x0000021bda000000, 0x0000021bda000000, 0x0000021bdc000000|  0%| F|  |TAMS 0x0000021bda000000, 0x0000021bda000000| Untracked 
|  48|0x0000021bdc000000, 0x0000021bdc000000, 0x0000021bde000000|  0%| F|  |TAMS 0x0000021bdc000000, 0x0000021bdc000000| Untracked 
|  49|0x0000021bde000000, 0x0000021bde000000, 0x0000021be0000000|  0%| F|  |TAMS 0x0000021bde000000, 0x0000021bde000000| Untracked 
|  50|0x0000021be0000000, 0x0000021be0000000, 0x0000021be2000000|  0%| F|  |TAMS 0x0000021be0000000, 0x0000021be0000000| Untracked 
|  51|0x0000021be2000000, 0x0000021be2000000, 0x0000021be4000000|  0%| F|  |TAMS 0x0000021be2000000, 0x0000021be2000000| Untracked 
|  52|0x0000021be4000000, 0x0000021be40060c0, 0x0000021be6000000|  0%| S|CS|TAMS 0x0000021be4000000, 0x0000021be4000000| Complete 
|  53|0x0000021be6000000, 0x0000021be6000000, 0x0000021be8000000|  0%| F|  |TAMS 0x0000021be6000000, 0x0000021be6000000| Untracked 
|  54|0x0000021be8000000, 0x0000021be8000000, 0x0000021bea000000|  0%| F|  |TAMS 0x0000021be8000000, 0x0000021be8000000| Untracked 

Card table byte_map: [0x0000021b1cc70000,0x0000021b23070000] _byte_map_base: 0x0000021a0f090000

Marking Bits (Prev, Next): (CMBitMap*) 0x0000021b7b0d71d0, (CMBitMap*) 0x0000021b7b0d7190
 Prev Bits: [0x00000227fc000000, 0x000002282e000000)
 Next Bits: [0x0000021b29470000, 0x0000021b5b470000)

Polling page: 0x0000021b78ff0000

Metaspace:

Usage:
  Non-class:     87.46 MB used.
      Class:     13.41 MB used.
       Both:    100.87 MB used.

Virtual space:
  Non-class space:      128.00 MB reserved,      87.94 MB ( 69%) committed,  2 nodes.
      Class space:        1.00 GB reserved,      13.81 MB (  1%) committed,  1 nodes.
             Both:        1.12 GB reserved,     101.75 MB (  9%) committed. 

Chunk freelists:
   Non-Class:  3.97 MB
       Class:  2.19 MB
        Both:  6.16 MB

MaxMetaspaceSize: unlimited
CompressedClassSpaceSize: 1.00 GB
Initial GC threshold: 21.00 MB
Current GC threshold: 169.62 MB
CDS: on
MetaspaceReclaimPolicy: balanced
 - commit_granule_bytes: 65536.
 - commit_granule_words: 8192.
 - virtual_space_node_default_size: 8388608.
 - enlarge_chunks_in_place: 1.
 - new_chunks_are_fully_committed: 0.
 - uncommit_free_chunks: 1.
 - use_allocation_guard: 0.


Internal statistics:

num_allocs_failed_limit: 9.
num_arena_births: 1346.
num_arena_deaths: 0.
num_vsnodes_births: 3.
num_vsnodes_deaths: 0.
num_space_committed: 1625.
num_space_uncommitted: 0.
num_chunks_returned_to_freelist: 9.
num_chunks_taken_from_freelist: 4982.
num_chunk_merges: 9.
num_chunk_splits: 3765.
num_chunks_enlarged: 3065.
num_inconsistent_stats: 0.

CodeHeap 'non-profiled nmethods': size=120000Kb used=5192Kb max_used=5192Kb free=114807Kb
 bounds [0x0000021b0f340000, 0x0000021b0f860000, 0x0000021b16870000]
CodeHeap 'profiled nmethods': size=120000Kb used=15810Kb max_used=15810Kb free=104189Kb
 bounds [0x0000021b07e10000, 0x0000021b08d90000, 0x0000021b0f340000]
CodeHeap 'non-nmethods': size=5760Kb used=1529Kb max_used=1583Kb free=4231Kb
 bounds [0x0000021b07870000, 0x0000021b07ae0000, 0x0000021b07e10000]
 total_blobs=10344 nmethods=9448 adapters=805
 compilation: enabled
              stopped_count=0, restarted_count=0
 full_count=0

Compilation events (20 events):
Event: 7706.140 Thread 0x0000021b7b76f790 10313       4       org.apache.spark.status.LiveStage::doUpdate (20 bytes)
Event: 7706.166 Thread 0x0000021b7b76f790 nmethod 10313 0x0000021b0f84ec90 code [0x0000021b0f84ee20, 0x0000021b0f84f3a8]
Event: 7706.166 Thread 0x0000021b7b76f790 10314       4       org.apache.spark.status.StageDataWrapper::<init> (41 bytes)
Event: 7706.172 Thread 0x0000021b7b76f790 nmethod 10314 0x0000021b0f84f590 code [0x0000021b0f84f720, 0x0000021b0f84fbd8]
Event: 7766.141 Thread 0x0000021b7b76f790 10315       4       scala.collection.mutable.ResizableArray::foreach (37 bytes)
Event: 7766.145 Thread 0x0000021b7b76f790 nmethod 10315 0x0000021b0f84fd10 code [0x0000021b0f84fea0, 0x0000021b0f84ffd8]
Event: 7926.127 Thread 0x0000021b7b76f790 10316       4       scala.collection.mutable.HashMap::get (29 bytes)
Event: 7926.142 Thread 0x0000021b7b76f790 nmethod 10316 0x0000021b0f850190 code [0x0000021b0f850360, 0x0000021b0f8508e8]
Event: 7944.219 Thread 0x0000021b7b76f790 10317       4       java.util.concurrent.locks.AbstractQueuedSynchronizer::apparentlyFirstQueuedIsExclusive (38 bytes)
Event: 7944.220 Thread 0x0000021b7b76f790 nmethod 10317 0x0000021b0f850e90 code [0x0000021b0f851000, 0x0000021b0f851098]
Event: 8024.222 Thread 0x0000021b7b76f790 10318       4       java.util.concurrent.locks.ReentrantReadWriteLock$NonfairSync::readerShouldBlock (5 bytes)
Event: 8024.223 Thread 0x0000021b7b76f790 nmethod 10318 0x0000021b0f851190 code [0x0000021b0f851300, 0x0000021b0f851398]
Event: 8074.223 Thread 0x0000021b7b76f790 10319       4       java.lang.invoke.LambdaForm$MH/0x00000008019cc000::invoke (42 bytes)
Event: 8074.227 Thread 0x0000021b7b76f790 nmethod 10319 0x0000021b0f851490 code [0x0000021b0f851600, 0x0000021b0f851698]
Event: 8214.230 Thread 0x0000021b7b76f790 10320       4       java.util.LinkedHashMap::entrySet (27 bytes)
Event: 8214.232 Thread 0x0000021b7b76f790 nmethod 10320 0x0000021b0f851810 code [0x0000021b0f8519a0, 0x0000021b0f851b58]
Event: 8316.163 Thread 0x0000021b7b76f790 10321       4       org.apache.spark.util.collection.OpenHashSet$LongHasher::hash$mcJ$sp (8 bytes)
Event: 8316.180 Thread 0x0000021b7b76f790 nmethod 10321 0x0000021b0f851c10 code [0x0000021b0f851d80, 0x0000021b0f851e18]
Event: 8326.137 Thread 0x0000021b7b76f790 10322       4       sun.nio.ch.FileChannelImpl$1::getMemoryUsed (4 bytes)
Event: 8326.140 Thread 0x0000021b7b76f790 nmethod 10322 0x0000021b0f851f10 code [0x0000021b0f852080, 0x0000021b0f852118]

GC Heap History (20 events):
Event: 8329.038 GC heap after
{Heap after GC invocations=10271 (full 4):
 garbage-first heap   total 1212416K, used 214097K [0x0000021b7c000000, 0x00000227fc000000)
  region size 32768K, 1 young (32768K), 1 survivors (32768K)
 Metaspace       used 103290K, committed 104192K, reserved 1179648K
  class space    used 13732K, committed 14144K, reserved 1048576K
}
Event: 8330.650 GC heap before
{Heap before GC invocations=10271 (full 4):
 garbage-first heap   total 1212416K, used 836689K [0x0000021b7c000000, 0x00000227fc000000)
  region size 32768K, 20 young (655360K), 1 survivors (32768K)
 Metaspace       used 103290K, committed 104192K, reserved 1179648K
  class space    used 13732K, committed 14144K, reserved 1048576K
}
Event: 8330.682 GC heap after
{Heap after GC invocations=10272 (full 4):
 garbage-first heap   total 1212416K, used 214099K [0x0000021b7c000000, 0x00000227fc000000)
  region size 32768K, 1 young (32768K), 1 survivors (32768K)
 Metaspace       used 103290K, committed 104192K, reserved 1179648K
  class space    used 13732K, committed 14144K, reserved 1048576K
}
Event: 8332.338 GC heap before
{Heap before GC invocations=10272 (full 4):
 garbage-first heap   total 1212416K, used 836691K [0x0000021b7c000000, 0x00000227fc000000)
  region size 32768K, 20 young (655360K), 1 survivors (32768K)
 Metaspace       used 103290K, committed 104192K, reserved 1179648K
  class space    used 13732K, committed 14144K, reserved 1048576K
}
Event: 8332.422 GC heap after
{Heap after GC invocations=10273 (full 4):
 garbage-first heap   total 1212416K, used 214099K [0x0000021b7c000000, 0x00000227fc000000)
  region size 32768K, 1 young (32768K), 1 survivors (32768K)
 Metaspace       used 103290K, committed 104192K, reserved 1179648K
  class space    used 13732K, committed 14144K, reserved 1048576K
}
Event: 8334.060 GC heap before
{Heap before GC invocations=10273 (full 4):
 garbage-first heap   total 1212416K, used 836691K [0x0000021b7c000000, 0x00000227fc000000)
  region size 32768K, 20 young (655360K), 1 survivors (32768K)
 Metaspace       used 103290K, committed 104192K, reserved 1179648K
  class space    used 13732K, committed 14144K, reserved 1048576K
}
Event: 8334.076 GC heap after
{Heap after GC invocations=10274 (full 4):
 garbage-first heap   total 1212416K, used 214101K [0x0000021b7c000000, 0x00000227fc000000)
  region size 32768K, 1 young (32768K), 1 survivors (32768K)
 Metaspace       used 103290K, committed 104192K, reserved 1179648K
  class space    used 13732K, committed 14144K, reserved 1048576K
}
Event: 8335.521 GC heap before
{Heap before GC invocations=10274 (full 4):
 garbage-first heap   total 1212416K, used 836693K [0x0000021b7c000000, 0x00000227fc000000)
  region size 32768K, 20 young (655360K), 1 survivors (32768K)
 Metaspace       used 103290K, committed 104192K, reserved 1179648K
  class space    used 13732K, committed 14144K, reserved 1048576K
}
Event: 8335.568 GC heap after
{Heap after GC invocations=10275 (full 4):
 garbage-first heap   total 1212416K, used 214102K [0x0000021b7c000000, 0x00000227fc000000)
  region size 32768K, 1 young (32768K), 1 survivors (32768K)
 Metaspace       used 103290K, committed 104192K, reserved 1179648K
  class space    used 13732K, committed 14144K, reserved 1048576K
}
Event: 8337.487 GC heap before
{Heap before GC invocations=10275 (full 4):
 garbage-first heap   total 1212416K, used 836694K [0x0000021b7c000000, 0x00000227fc000000)
  region size 32768K, 20 young (655360K), 1 survivors (32768K)
 Metaspace       used 103290K, committed 104192K, reserved 1179648K
  class space    used 13732K, committed 14144K, reserved 1048576K
}
Event: 8337.725 GC heap after
{Heap after GC invocations=10276 (full 4):
 garbage-first heap   total 1212416K, used 214112K [0x0000021b7c000000, 0x00000227fc000000)
  region size 32768K, 1 young (32768K), 1 survivors (32768K)
 Metaspace       used 103290K, committed 104192K, reserved 1179648K
  class space    used 13732K, committed 14144K, reserved 1048576K
}
Event: 8340.064 GC heap before
{Heap before GC invocations=10276 (full 4):
 garbage-first heap   total 1212416K, used 836704K [0x0000021b7c000000, 0x00000227fc000000)
  region size 32768K, 20 young (655360K), 1 survivors (32768K)
 Metaspace       used 103290K, committed 104192K, reserved 1179648K
  class space    used 13732K, committed 14144K, reserved 1048576K
}
Event: 8340.105 GC heap after
{Heap after GC invocations=10277 (full 4):
 garbage-first heap   total 1802240K, used 214108K [0x0000021b7c000000, 0x00000227fc000000)
  region size 32768K, 1 young (32768K), 1 survivors (32768K)
 Metaspace       used 103290K, committed 104192K, reserved 1179648K
  class space    used 13732K, committed 14144K, reserved 1048576K
}
Event: 8345.346 GC heap before
{Heap before GC invocations=10277 (full 4):
 garbage-first heap   total 1802240K, used 1262684K [0x0000021b7c000000, 0x00000227fc000000)
  region size 32768K, 33 young (1081344K), 1 survivors (32768K)
 Metaspace       used 103290K, committed 104192K, reserved 1179648K
  class space    used 13732K, committed 14144K, reserved 1048576K
}
Event: 8345.409 GC heap after
{Heap after GC invocations=10278 (full 4):
 garbage-first heap   total 1802240K, used 214110K [0x0000021b7c000000, 0x00000227fc000000)
  region size 32768K, 1 young (32768K), 1 survivors (32768K)
 Metaspace       used 103290K, committed 104192K, reserved 1179648K
  class space    used 13732K, committed 14144K, reserved 1048576K
}
Event: 8357.991 GC heap before
{Heap before GC invocations=10278 (full 4):
 garbage-first heap   total 1802240K, used 1262686K [0x0000021b7c000000, 0x00000227fc000000)
  region size 32768K, 33 young (1081344K), 1 survivors (32768K)
 Metaspace       used 103290K, committed 104192K, reserved 1179648K
  class space    used 13732K, committed 14144K, reserved 1048576K
}
Event: 8362.547 GC heap after
{Heap after GC invocations=10279 (full 4):
 garbage-first heap   total 1802240K, used 214112K [0x0000021b7c000000, 0x00000227fc000000)
  region size 32768K, 1 young (32768K), 1 survivors (32768K)
 Metaspace       used 103290K, committed 104192K, reserved 1179648K
  class space    used 13732K, committed 14144K, reserved 1048576K
}
Event: 8362.666 GC heap before
{Heap before GC invocations=10279 (full 4):
 garbage-first heap   total 1802240K, used 246880K [0x0000021b7c000000, 0x00000227fc000000)
  region size 32768K, 2 young (65536K), 1 survivors (32768K)
 Metaspace       used 103290K, committed 104192K, reserved 1179648K
  class space    used 13732K, committed 14144K, reserved 1048576K
}
Event: 8362.732 GC heap after
{Heap after GC invocations=10280 (full 4):
 garbage-first heap   total 1802240K, used 214115K [0x0000021b7c000000, 0x00000227fc000000)
  region size 32768K, 1 young (32768K), 1 survivors (32768K)
 Metaspace       used 103290K, committed 104192K, reserved 1179648K
  class space    used 13732K, committed 14144K, reserved 1048576K
}
Event: 8362.890 GC heap before
{Heap before GC invocations=10280 (full 4):
 garbage-first heap   total 1802240K, used 246883K [0x0000021b7c000000, 0x00000227fc000000)
  region size 32768K, 2 young (65536K), 1 survivors (32768K)
 Metaspace       used 103290K, committed 104192K, reserved 1179648K
  class space    used 13732K, committed 14144K, reserved 1048576K
}

Deoptimization events (20 events):
Event: 5034.230 Thread 0x00000228369e5350 Uncommon trap: trap_request=0xffffff45 fr.pc=0x0000021b0f800320 relative=0x0000000000000780
Event: 5034.230 Thread 0x00000228369e5350 Uncommon trap: reason=unstable_if action=reinterpret pc=0x0000021b0f800320 method=com.codahale.metrics.ExponentiallyDecayingReservoir.update(JJ)V @ 60 c2
Event: 5034.230 Thread 0x00000228369e5350 DEOPT PACKING pc=0x0000021b0f800320 sp=0x0000002152bfebf0
Event: 5034.230 Thread 0x00000228369e5350 DEOPT UNPACKING pc=0x0000021b078c23a3 sp=0x0000002152bfeb98 mode 2
Event: 7009.985 Thread 0x00000228369e44e0 Uncommon trap: trap_request=0xffffff45 fr.pc=0x0000021b0f7e5678 relative=0x00000000000003d8
Event: 7009.985 Thread 0x00000228377b9890 Uncommon trap: trap_request=0xffffff45 fr.pc=0x0000021b0f7e461c relative=0x000000000000011c
Event: 7009.995 Thread 0x00000228377b9890 Uncommon trap: reason=unstable_if action=reinterpret pc=0x0000021b0f7e461c method=java.util.concurrent.locks.ReentrantReadWriteLock$Sync.tryReleaseShared(I)Z @ 134 c2
Event: 7009.995 Thread 0x00000228369e44e0 Uncommon trap: reason=unstable_if action=reinterpret pc=0x0000021b0f7e5678 method=java.util.concurrent.locks.ReentrantReadWriteLock$Sync.tryAcquireShared(I)I @ 60 c2
Event: 7010.007 Thread 0x00000228369e44e0 DEOPT PACKING pc=0x0000021b0f7e5678 sp=0x00000021526fe790
Event: 7010.007 Thread 0x00000228377b9890 DEOPT PACKING pc=0x0000021b0f7e461c sp=0x00000021524fe8b0
Event: 7010.018 Thread 0x00000228377b9890 DEOPT UNPACKING pc=0x0000021b078c23a3 sp=0x00000021524fe858 mode 2
Event: 7010.018 Thread 0x00000228369e44e0 DEOPT UNPACKING pc=0x0000021b078c23a3 sp=0x00000021526fe6e8 mode 2
Event: 7010.702 Thread 0x00000228377b9890 Uncommon trap: trap_request=0xffffff45 fr.pc=0x0000021b0f7e4e04 relative=0x00000000000001e4
Event: 7010.702 Thread 0x00000228377b9890 Uncommon trap: reason=unstable_if action=reinterpret pc=0x0000021b0f7e4e04 method=java.util.concurrent.locks.ReentrantReadWriteLock$Sync.tryAcquireShared(I)I @ 60 c2
Event: 7010.702 Thread 0x00000228377b9890 DEOPT PACKING pc=0x0000021b0f7e4e04 sp=0x00000021524fe820
Event: 7010.705 Thread 0x00000228377b9890 DEOPT UNPACKING pc=0x0000021b078c23a3 sp=0x00000021524fe7d0 mode 2
Event: 7206.156 Thread 0x00000228369e61c0 Uncommon trap: trap_request=0xffffff45 fr.pc=0x0000021b0f7fcd58 relative=0x00000000000006d8
Event: 7206.157 Thread 0x00000228369e61c0 Uncommon trap: reason=unstable_if action=reinterpret pc=0x0000021b0f7fcd58 method=java.util.concurrent.ConcurrentSkipListMap.tryReduceLevel()V @ 45 c2
Event: 7206.159 Thread 0x00000228369e61c0 DEOPT PACKING pc=0x0000021b0f7fcd58 sp=0x0000002152afe8d0
Event: 7206.161 Thread 0x00000228369e61c0 DEOPT UNPACKING pc=0x0000021b078c23a3 sp=0x0000002152afe828 mode 2

Classes loaded (20 events):
Event: 14.335 Loading class java/lang/invoke/SerializedLambda$1
Event: 14.336 Loading class java/lang/invoke/SerializedLambda$1 done
Event: 14.339 Loading class java/lang/invoke/MethodHandleImpl$Makers$1
Event: 14.339 Loading class java/lang/invoke/MethodHandleImpl$Makers$1 done
Event: 14.339 Loading class java/lang/invoke/MethodHandleImpl$Makers$2
Event: 14.339 Loading class java/lang/invoke/MethodHandleImpl$Makers$2 done
Event: 14.339 Loading class java/lang/invoke/MethodHandleImpl$Makers$3
Event: 14.339 Loading class java/lang/invoke/MethodHandleImpl$Makers$3 done
Event: 14.340 Loading class java/lang/invoke/DirectMethodHandle$1
Event: 14.340 Loading class java/lang/invoke/DirectMethodHandle$1 done
Event: 14.420 Loading class java/nio/channels/Channels$ReadableByteChannelImpl
Event: 14.420 Loading class java/nio/channels/Channels$ReadableByteChannelImpl done
Event: 14.690 Loading class java/lang/org
Event: 14.690 Loading class java/lang/org done
Event: 16.135 Loading class java/util/concurrent/ConcurrentHashMap$ForEachValueTask
Event: 16.136 Loading class java/util/concurrent/ConcurrentHashMap$BulkTask
Event: 16.137 Loading class java/util/concurrent/ConcurrentHashMap$BulkTask done
Event: 16.137 Loading class java/util/concurrent/ConcurrentHashMap$ForEachValueTask done
Event: 7011.465 Loading class java/util/concurrent/locks/ReentrantReadWriteLock$Sync$HoldCounter
Event: 7015.661 Loading class java/util/concurrent/locks/ReentrantReadWriteLock$Sync$HoldCounter done

Classes unloaded (0 events):
No events

Classes redefined (0 events):
No events

Internal exceptions (20 events):
Event: 14.347 Thread 0x00000228386ea7e0 Exception <a 'java/lang/NoSuchMethodError'{0x0000021b8e394d10}: 'java.lang.Object java.lang.invoke.DirectMethodHandle$Holder.invokeStatic(java.lang.Object, int, int)'> (0x0000021b8e394d10) 
thrown [s\open\src\hotspot\share\interpreter\linkResolver.cpp, line 766]
Event: 14.347 Thread 0x00000228386ea7e0 Exception <a 'java/lang/NoSuchMethodError'{0x0000021b8e39b6e0}: 'java.lang.Object java.lang.invoke.DirectMethodHandle$Holder.invokeStatic(java.lang.Object, long, java.lang.Object, java.lang.Object)'> (0x0000021b8e39b6e0) 
thrown [s\open\src\hotspot\share\interpreter\linkResolver.cpp, line 766]
Event: 14.348 Thread 0x00000228386ea7e0 Exception <a 'java/lang/NoSuchMethodError'{0x0000021b8e3a8918}: 'java.lang.Object java.lang.invoke.Invokers$Holder.invoker(java.lang.Object, java.lang.Object, java.lang.Object, java.lang.Object, java.lang.Object, java.lang.Object)'> (0x0000021b8e3a8918) 
thrown [s\open\src\hotspot\share\interpreter\linkResolver.cpp, line 766]
Event: 14.353 Thread 0x00000228386ea7e0 Exception <a 'java/lang/NoSuchMethodError'{0x0000021b8e4361d0}: 'java.lang.Object java.lang.invoke.DirectMethodHandle$Holder.invokeSpecial(java.lang.Object, java.lang.Object, java.lang.Object, java.lang.Object, java.lang.Object, java.lang.Object, java.lang.Object, java.lang.Object, java.lang.Object, java.lang.Object, java.lang.Object, java.lang.Object, java.lang.Object, java.lang.Object)'> (0x0000021b8e4361d0) 
thrown [s\open\src\hotspot\share\interpreter\linkResolver.cpp, line 766]
Event: 14.353 Thread 0x00000228386ea7e0 Exception <a 'java/lang/NoSuchMethodError'{0x0000021b8e43c7e0}: 'java.lang.Object java.lang.invoke.Invokers$Holder.invoker(java.lang.Object, java.lang.Object, java.lang.Object, java.lang.Object, java.lang.Object, java.lang.Object, java.lang.Object, java.lang.Object, java.lang.Object, java.lang.Object, java.lang.Object, java.lang.Object, java.lang.Object, java.lang.Object)'> (0x0000021b8e43c7e0) 
thrown [s\open\src\hotspot\share\interpreter\linkResolver.cpp, line 766]
Event: 14.353 Thread 0x00000228386ea7e0 Exception <a 'java/lang/NoSuchMethodError'{0x0000021b8e443c50}: 'java.lang.Object java.lang.invoke.DirectMethodHandle$Holder.invokeSpecial(java.lang.Object, java.lang.Object, java.lang.Object, java.lang.Object, java.lang.Object, java.lang.Object, java.lang.Object, java.lang.Object, java.lang.Object, java.lang.Object, java.lang.Object, java.lang.Object, java.lang.Object, java.lang.Object, java.lang.Object)'> (0x0000021b8e443c50) 
thrown [s\open\src\hotspot\share\interpreter\linkResolver.cpp, line 766]
Event: 14.354 Thread 0x00000228386ea7e0 Exception <a 'java/lang/NoSuchMethodError'{0x0000021b8e45a768}: 'java.lang.Object java.lang.invoke.Invokers$Holder.invoker(java.lang.Object, java.lang.Object, java.lang.Object, java.lang.Object, java.lang.Object)'> (0x0000021b8e45a768) 
thrown [s\open\src\hotspot\share\interpreter\linkResolver.cpp, line 766]
Event: 14.366 Thread 0x00000228386ea7e0 Exception <a 'java/lang/NoSuchMethodError'{0x0000021b8e4f99f8}: 'java.lang.Object java.lang.invoke.DirectMethodHandle$Holder.invokeSpecial(java.lang.Object, java.lang.Object, java.lang.Object, java.lang.Object, java.lang.Object, java.lang.Object, java.lang.Object, java.lang.Object, java.lang.Object, java.lang.Object, java.lang.Object, java.lang.Object, java.lang.Object, java.lang.Object, java.lang.Object, java.lang.Object)'> (0x0000021b8e4f99f8) 
thrown [s\open\src\hotspot\share\interpreter\linkResolver.cp
Event: 14.366 Thread 0x00000228386ea7e0 Exception <a 'java/lang/NoSuchMethodError'{0x0000021b8e5277b0}: 'java.lang.Object java.lang.invoke.DirectMethodHandle$Holder.invokeSpecial(java.lang.Object, java.lang.Object, java.lang.Object, java.lang.Object, java.lang.Object, java.lang.Object, java.lang.Object, java.lang.Object, java.lang.Object, java.lang.Object, java.lang.Object, java.lang.Object, java.lang.Object, java.lang.Object, java.lang.Object, java.lang.Object, java.lang.Object, java.lang.Object, java.lang.Object)'> (0x0000021b8e5277b0) 
thrown
Event: 14.367 Thread 0x00000228386ea7e0 Exception <a 'java/lang/NoSuchMethodError'{0x0000021b8e52e138}: 'java.lang.Object java.lang.invoke.Invokers$Holder.invoker(java.lang.Object, java.lang.Object, java.lang.Object, java.lang.Object, java.lang.Object, java.lang.Object, java.lang.Object, java.lang.Object, java.lang.Object, java.lang.Object, java.lang.Object, java.lang.Object, java.lang.Object, java.lang.Object, java.lang.Object, java.lang.Object, java.lang.Object, java.lang.Object, java.lang.Object)'> (0x0000021b8e52e138) 
thrown [s\open\src\hot
Event: 14.367 Thread 0x00000228386ea7e0 Exception <a 'java/lang/NoSuchMethodError'{0x0000021b8e536680}: 'java.lang.Object java.lang.invoke.DirectMethodHandle$Holder.invokeSpecial(java.lang.Object, java.lang.Object, java.lang.Object, java.lang.Object, java.lang.Object, java.lang.Object, java.lang.Object, java.lang.Object, java.lang.Object, java.lang.Object, java.lang.Object, java.lang.Object, java.lang.Object, java.lang.Object, java.lang.Object, java.lang.Object, java.lang.Object, java.lang.Object, java.lang.Object, java.lang.Object)'> (0x0000021
Event: 14.367 Thread 0x00000228386ea7e0 Exception <a 'java/lang/NoSuchMethodError'{0x0000021b8e53d4a0}: 'java.lang.Object java.lang.invoke.DelegatingMethodHandle$Holder.delegate(java.lang.Object, java.lang.Object, java.lang.Object, java.lang.Object, java.lang.Object, java.lang.Object, java.lang.Object, java.lang.Object, java.lang.Object, java.lang.Object, java.lang.Object, java.lang.Object, java.lang.Object, java.lang.Object, java.lang.Object, java.lang.Object, java.lang.Object, java.lang.Object, java.lang.Object)'> (0x0000021b8e53d4a0) 
thrown 
Event: 14.437 Thread 0x00000228386ea7e0 Exception <a 'java/lang/NoSuchMethodError'{0x0000021b8e824b98}: 'long java.lang.invoke.DirectMethodHandle$Holder.invokeStatic(java.lang.Object, java.lang.Object, int)'> (0x0000021b8e824b98) 
thrown [s\open\src\hotspot\share\interpreter\linkResolver.cpp, line 766]
Event: 14.437 Thread 0x00000228386ea7e0 Exception <a 'java/lang/NoSuchMethodError'{0x0000021b8e82a088}: 'long java.lang.invoke.DirectMethodHandle$Holder.invokeSpecial(java.lang.Object, java.lang.Object, java.lang.Object, int)'> (0x0000021b8e82a088) 
thrown [s\open\src\hotspot\share\interpreter\linkResolver.cpp, line 766]
Event: 14.437 Thread 0x00000228386ea7e0 Exception <a 'java/lang/NoSuchMethodError'{0x0000021b8e832ae8}: 'java.lang.Object java.lang.invoke.DelegatingMethodHandle$Holder.reinvoke_L(java.lang.Object, long, int)'> (0x0000021b8e832ae8) 
thrown [s\open\src\hotspot\share\interpreter\linkResolver.cpp, line 766]
Event: 14.496 Thread 0x00000228386ea7e0 Exception <a 'java/lang/NoSuchMethodError'{0x0000021b8ea53778}: 'long java.lang.invoke.DirectMethodHandle$Holder.invokeStatic(java.lang.Object, long, java.lang.Object, long)'> (0x0000021b8ea53778) 
thrown [s\open\src\hotspot\share\interpreter\linkResolver.cpp, line 766]
Event: 16.152 Thread 0x00000228369e61c0 Exception <a 'java/lang/NoSuchMethodError'{0x0000021baafe8318}: 'java.lang.Object java.lang.invoke.DirectMethodHandle$Holder.newInvokeSpecial(java.lang.Object, java.lang.Object, int, long)'> (0x0000021baafe8318) 
thrown [s\open\src\hotspot\share\interpreter\linkResolver.cpp, line 766]
Event: 16.152 Thread 0x00000228369e61c0 Exception <a 'java/lang/NoSuchMethodError'{0x0000021baafed748}: 'java.lang.Object java.lang.invoke.DirectMethodHandle$Holder.invokeSpecial(java.lang.Object, java.lang.Object, java.lang.Object, int, long)'> (0x0000021baafed748) 
thrown [s\open\src\hotspot\share\interpreter\linkResolver.cpp, line 766]
Event: 16.153 Thread 0x00000228369e61c0 Exception <a 'java/lang/NoSuchMethodError'{0x0000021baaffacb0}: 'java.lang.Object java.lang.invoke.DirectMethodHandle$Holder.invokeStatic(java.lang.Object, long, long, java.lang.Object)'> (0x0000021baaffacb0) 
thrown [s\open\src\hotspot\share\interpreter\linkResolver.cpp, line 766]
Event: 16.153 Thread 0x00000228369e61c0 Exception <a 'java/lang/NoSuchMethodError'{0x0000021bab0031d8}: 'java.lang.Object java.lang.invoke.DirectMethodHandle$Holder.newInvokeSpecial(java.lang.Object, long, long)'> (0x0000021bab0031d8) 
thrown [s\open\src\hotspot\share\interpreter\linkResolver.cpp, line 766]

VM Operations (20 events):
Event: 8329.038 Executing VM operation: G1CollectForAllocation done
Event: 8330.644 Executing VM operation: G1CollectForAllocation
Event: 8330.682 Executing VM operation: G1CollectForAllocation done
Event: 8332.323 Executing VM operation: G1CollectForAllocation
Event: 8332.424 Executing VM operation: G1CollectForAllocation done
Event: 8334.055 Executing VM operation: G1CollectForAllocation
Event: 8334.077 Executing VM operation: G1CollectForAllocation done
Event: 8335.519 Executing VM operation: G1CollectForAllocation
Event: 8335.574 Executing VM operation: G1CollectForAllocation done
Event: 8337.455 Executing VM operation: G1CollectForAllocation
Event: 8337.727 Executing VM operation: G1CollectForAllocation done
Event: 8340.058 Executing VM operation: G1CollectForAllocation
Event: 8340.105 Executing VM operation: G1CollectForAllocation done
Event: 8345.336 Executing VM operation: G1CollectForAllocation
Event: 8345.410 Executing VM operation: G1CollectForAllocation done
Event: 8354.898 Executing VM operation: G1CollectForAllocation
Event: 8362.575 Executing VM operation: G1CollectForAllocation done
Event: 8362.635 Executing VM operation: G1CollectForAllocation
Event: 8362.732 Executing VM operation: G1CollectForAllocation done
Event: 8362.856 Executing VM operation: G1CollectForAllocation

Events (20 events):
Event: 12.992 Thread 0x0000021b7b78f340 flushing nmethod 0x0000021b0875d090
Event: 12.992 Thread 0x0000021b7b78f340 flushing nmethod 0x0000021b087ae890
Event: 12.992 Thread 0x0000021b7b78f340 flushing nmethod 0x0000021b087b7090
Event: 12.992 Thread 0x0000021b7b78f340 flushing nmethod 0x0000021b087bd910
Event: 12.992 Thread 0x0000021b7b78f340 flushing nmethod 0x0000021b087bde90
Event: 12.992 Thread 0x0000021b7b78f340 flushing nmethod 0x0000021b087be290
Event: 12.992 Thread 0x0000021b7b78f340 flushing nmethod 0x0000021b087be910
Event: 12.993 Thread 0x0000021b7b78f340 flushing nmethod 0x0000021b087e4890
Event: 13.195 Thread 0x00000228386eb650 Thread added: 0x00000228386eb650
Event: 13.692 Thread 0x00000228386f6890 Thread exited: 0x00000228386f6890
Event: 14.109 Loaded shared library C:\Users\yunus\AppData\Local\Temp\liblz4-java-14225997759916035244.so
Event: 14.259 Thread 0x00000228386ea7e0 Thread added: 0x00000228386ea7e0
Event: 14.505 Thread 0x00000228386154a0 Thread added: 0x00000228386154a0
Event: 15.305 Thread 0x00000228386154a0 Thread exited: 0x00000228386154a0
Event: 16.134 Thread 0x000002283530fba0 Thread exited: 0x000002283530fba0
Event: 1094.383 Thread 0x0000021b7b78f340 flushing nmethod 0x0000021b0f4f3f10
Event: 1094.604 Thread 0x0000021b7b78f340 flushing nmethod 0x0000021b0828a290
Event: 1094.648 Thread 0x0000021b7b78f340 flushing nmethod 0x0000021b08524890
Event: 7206.201 Thread 0x0000022838610dc0 Thread added: 0x0000022838610dc0
Event: 7211.252 Thread 0x0000022838610dc0 Thread exited: 0x0000022838610dc0


Dynamic libraries:
0x00007ff64a070000 - 0x00007ff64a080000 	C:\Program Files\Java\jdk-18.0.1.1\bin\java.exe
0x00007fffc6300000 - 0x00007fffc6509000 	C:\WINDOWS\SYSTEM32\ntdll.dll
0x00007fffc5010000 - 0x00007fffc50ce000 	C:\WINDOWS\System32\KERNEL32.DLL
0x00007fffc3ae0000 - 0x00007fffc3e5b000 	C:\WINDOWS\System32\KERNELBASE.dll
0x00007fffc3fc0000 - 0x00007fffc40d1000 	C:\WINDOWS\System32\ucrtbase.dll
0x00007fff46c30000 - 0x00007fff46c48000 	C:\Program Files\Java\jdk-18.0.1.1\bin\jli.dll
0x00007fff46c10000 - 0x00007fff46c2a000 	C:\Program Files\Java\jdk-18.0.1.1\bin\VCRUNTIME140.dll
0x00007fffc5910000 - 0x00007fffc59be000 	C:\WINDOWS\System32\ADVAPI32.dll
0x00007fffc4c10000 - 0x00007fffc4cb3000 	C:\WINDOWS\System32\msvcrt.dll
0x00007fffc5ae0000 - 0x00007fffc5b7e000 	C:\WINDOWS\System32\sechost.dll
0x00007fffc59c0000 - 0x00007fffc5ae0000 	C:\WINDOWS\System32\RPCRT4.dll
0x00007fffc50d0000 - 0x00007fffc527d000 	C:\WINDOWS\System32\USER32.dll
0x00007fffc3ed0000 - 0x00007fffc3ef6000 	C:\WINDOWS\System32\win32u.dll
0x00007fffa47c0000 - 0x00007fffa4a65000 	C:\WINDOWS\WinSxS\amd64_microsoft.windows.common-controls_6595b64144ccf1df_6.0.22000.120_none_9d947278b86cc467\COMCTL32.dll
0x00007fffc4360000 - 0x00007fffc4389000 	C:\WINDOWS\System32\GDI32.dll
0x00007fffc3850000 - 0x00007fffc3968000 	C:\WINDOWS\System32\gdi32full.dll
0x00007fffc40e0000 - 0x00007fffc417d000 	C:\WINDOWS\System32\msvcp_win.dll
0x00007fffbc850000 - 0x00007fffbc85a000 	C:\WINDOWS\SYSTEM32\VERSION.dll
0x00007fffc60e0000 - 0x00007fffc6112000 	C:\WINDOWS\System32\IMM32.DLL
0x00007fff82200000 - 0x00007fff8220c000 	C:\Program Files\Java\jdk-18.0.1.1\bin\vcruntime140_1.dll
0x00007fff469c0000 - 0x00007fff46a4d000 	C:\Program Files\Java\jdk-18.0.1.1\bin\msvcp140.dll
0x00007fff35d30000 - 0x00007fff36940000 	C:\Program Files\Java\jdk-18.0.1.1\bin\server\jvm.dll
0x00007fffc58a0000 - 0x00007fffc58a8000 	C:\WINDOWS\System32\PSAPI.DLL
0x00007fffbdad0000 - 0x00007fffbdb03000 	C:\WINDOWS\SYSTEM32\WINMM.dll
0x00007fffb67c0000 - 0x00007fffb67c9000 	C:\WINDOWS\SYSTEM32\WSOCK32.dll
0x00007fffc6250000 - 0x00007fffc62bf000 	C:\WINDOWS\System32\WS2_32.dll
0x00007fffc2940000 - 0x00007fffc2958000 	C:\WINDOWS\SYSTEM32\kernel.appcore.dll
0x00007fff81b60000 - 0x00007fff81b6a000 	C:\Program Files\Java\jdk-18.0.1.1\bin\jimage.dll
0x00007fffc12d0000 - 0x00007fffc14f1000 	C:\WINDOWS\SYSTEM32\DBGHELP.DLL
0x00007fffb3f10000 - 0x00007fffb3f41000 	C:\WINDOWS\SYSTEM32\dbgcore.DLL
0x00007fffc37d0000 - 0x00007fffc384f000 	C:\WINDOWS\System32\bcryptPrimitives.dll
0x00007fff46be0000 - 0x00007fff46c05000 	C:\Program Files\Java\jdk-18.0.1.1\bin\java.dll
0x00007fff453c0000 - 0x00007fff45496000 	C:\Program Files\Java\jdk-18.0.1.1\bin\jsvml.dll
0x00007fffc4450000 - 0x00007fffc4c08000 	C:\WINDOWS\System32\SHELL32.dll
0x00007fffc18c0000 - 0x00007fffc2125000 	C:\WINDOWS\SYSTEM32\windows.storage.dll
0x00007fffc5520000 - 0x00007fffc5898000 	C:\WINDOWS\System32\combase.dll
0x00007fffc1750000 - 0x00007fffc18b6000 	C:\WINDOWS\SYSTEM32\wintypes.dll
0x00007fffc4180000 - 0x00007fffc426a000 	C:\WINDOWS\System32\SHCORE.dll
0x00007fffc52a0000 - 0x00007fffc52fd000 	C:\WINDOWS\System32\shlwapi.dll
0x00007fffc3700000 - 0x00007fffc3721000 	C:\WINDOWS\SYSTEM32\profapi.dll
0x00007fff46bc0000 - 0x00007fff46bd3000 	C:\Program Files\Java\jdk-18.0.1.1\bin\net.dll
0x00007fffbd060000 - 0x00007fffbd174000 	C:\WINDOWS\SYSTEM32\WINHTTP.dll
0x00007fffc2de0000 - 0x00007fffc2e47000 	C:\WINDOWS\system32\mswsock.dll
0x00007fff46ab0000 - 0x00007fff46ac6000 	C:\Program Files\Java\jdk-18.0.1.1\bin\nio.dll
0x00007fff46970000 - 0x00007fff46988000 	C:\Program Files\Java\jdk-18.0.1.1\bin\zip.dll
0x00007fff810b0000 - 0x00007fff810c0000 	C:\Program Files\Java\jdk-18.0.1.1\bin\verify.dll
0x00007fff80fe0000 - 0x00007fff80fe9000 	C:\Program Files\Java\jdk-18.0.1.1\bin\management.dll
0x00007fff7ed20000 - 0x00007fff7ed2b000 	C:\Program Files\Java\jdk-18.0.1.1\bin\management_ext.dll
0x00007fffac850000 - 0x00007fffac867000 	C:\WINDOWS\system32\napinsp.dll
0x00007fffac830000 - 0x00007fffac84b000 	C:\WINDOWS\system32\pnrpnsp.dll
0x00007fffc24e0000 - 0x00007fffc25c8000 	C:\WINDOWS\SYSTEM32\DNSAPI.dll
0x00007fffc2470000 - 0x00007fffc249d000 	C:\WINDOWS\SYSTEM32\IPHLPAPI.DLL
0x00007fffc54a0000 - 0x00007fffc54a9000 	C:\WINDOWS\System32\NSI.dll
0x00007fffac770000 - 0x00007fffac782000 	C:\WINDOWS\System32\winrnr.dll
0x00007fff89450000 - 0x00007fff89465000 	C:\WINDOWS\system32\wshbth.dll
0x00007fffac750000 - 0x00007fffac76f000 	C:\WINDOWS\system32\nlansp_c.dll
0x00007fffb8480000 - 0x00007fffb848a000 	C:\Windows\System32\rasadhlp.dll
0x00007fffbc4b0000 - 0x00007fffbc531000 	C:\WINDOWS\System32\fwpuclnt.dll
0x00007fffc3030000 - 0x00007fffc3048000 	C:\WINDOWS\SYSTEM32\CRYPTSP.dll
0x00007fffc28a0000 - 0x00007fffc28d5000 	C:\WINDOWS\system32\rsaenh.dll
0x00007fffc2ed0000 - 0x00007fffc2ef9000 	C:\WINDOWS\SYSTEM32\USERENV.dll
0x00007fffc31b0000 - 0x00007fffc31d7000 	C:\WINDOWS\SYSTEM32\bcrypt.dll
0x00007fffc3020000 - 0x00007fffc302c000 	C:\WINDOWS\SYSTEM32\CRYPTBASE.dll
0x00007fffbce30000 - 0x00007fffbce49000 	C:\WINDOWS\SYSTEM32\dhcpcsvc6.DLL
0x00007fffbd520000 - 0x00007fffbd53e000 	C:\WINDOWS\SYSTEM32\dhcpcsvc.DLL
0x00007fff46950000 - 0x00007fff4696a000 	C:\Big-Data\hadoop-3.3.3\bin\hadoop.dll
0x00007fffb5c80000 - 0x00007fffb5c99000 	C:\WINDOWS\SYSTEM32\NETAPI32.dll
0x00007fffc25d0000 - 0x00007fffc261e000 	C:\WINDOWS\SYSTEM32\AUTHZ.dll
0x00007fff452d0000 - 0x00007fff453bf000 	C:\WINDOWS\SYSTEM32\MSVCR120.dll
0x00007fffb4890000 - 0x00007fffb48a9000 	C:\WINDOWS\SYSTEM32\SAMCLI.DLL
0x00007fffc2460000 - 0x00007fffc246c000 	C:\WINDOWS\SYSTEM32\NETUTILS.DLL
0x00007fff7e300000 - 0x00007fff7e309000 	C:\Program Files\Java\jdk-18.0.1.1\bin\jaas.dll
0x0000000066f40000 - 0x0000000066fc4000 	C:\Users\yunus\AppData\Local\Temp\liblz4-java-14225997759916035244.so

dbghelp: loaded successfully - version: 4.0.5 - missing functions: none
symbol engine: initialized successfully - sym options: 0x614 - pdb path: .;C:\Program Files\Java\jdk-18.0.1.1\bin;C:\WINDOWS\SYSTEM32;C:\WINDOWS\WinSxS\amd64_microsoft.windows.common-controls_6595b64144ccf1df_6.0.22000.120_none_9d947278b86cc467;C:\Program Files\Java\jdk-18.0.1.1\bin\server;C:\Big-Data\hadoop-3.3.3\bin;C:\Users\yunus\AppData\Local\Temp

VM Arguments:
jvm_args: -Xmx50g -XX:+IgnoreUnrecognizedVMOptions --add-opens=java.base/java.lang=ALL-UNNAMED --add-opens=java.base/java.lang.invoke=ALL-UNNAMED --add-opens=java.base/java.lang.reflect=ALL-UNNAMED --add-opens=java.base/java.io=ALL-UNNAMED --add-opens=java.base/java.net=ALL-UNNAMED --add-opens=java.base/java.nio=ALL-UNNAMED --add-opens=java.base/java.util=ALL-UNNAMED --add-opens=java.base/java.util.concurrent=ALL-UNNAMED --add-opens=java.base/java.util.concurrent.atomic=ALL-UNNAMED --add-opens=java.base/sun.nio.ch=ALL-UNNAMED --add-opens=java.base/sun.nio.cs=ALL-UNNAMED --add-opens=java.base/sun.security.action=ALL-UNNAMED --add-opens=java.base/sun.util.calendar=ALL-UNNAMED --add-opens=java.security.jgss/sun.security.krb5=ALL-UNNAMED 
java_command: org.apache.spark.deploy.SparkSubmit --conf spark.executor.memory=70g --conf spark.memory.offHeap.enabled=True --conf spark.master=local[1] --conf spark.driver.memory=50g --conf spark.memory.offHeap.size=16g --conf spark.app.name=SparkByExamples.com pyspark-shell
java_class_path (initial): C:\Big-Data\spark-3.3.0-bin-hadoop3\bin\..\conf\;C:\Big-Data\spark-3.3.0-bin-hadoop3\jars\activation-1.1.1.jar;C:\Big-Data\spark-3.3.0-bin-hadoop3\jars\aircompressor-0.21.jar;C:\Big-Data\spark-3.3.0-bin-hadoop3\jars\algebra_2.12-2.0.1.jar;C:\Big-Data\spark-3.3.0-bin-hadoop3\jars\annotations-17.0.0.jar;C:\Big-Data\spark-3.3.0-bin-hadoop3\jars\antlr-runtime-3.5.2.jar;C:\Big-Data\spark-3.3.0-bin-hadoop3\jars\antlr4-runtime-4.8.jar;C:\Big-Data\spark-3.3.0-bin-hadoop3\jars\aopalliance-repackaged-2.6.1.jar;C:\Big-Data\spark-3.3.0-bin-hadoop3\jars\arpack-2.2.1.jar;C:\Big-Data\spark-3.3.0-bin-hadoop3\jars\arpack_combined_all-0.1.jar;C:\Big-Data\spark-3.3.0-bin-hadoop3\jars\arrow-format-7.0.0.jar;C:\Big-Data\spark-3.3.0-bin-hadoop3\jars\arrow-memory-core-7.0.0.jar;C:\Big-Data\spark-3.3.0-bin-hadoop3\jars\arrow-memory-netty-7.0.0.jar;C:\Big-Data\spark-3.3.0-bin-hadoop3\jars\arrow-vector-7.0.0.jar;C:\Big-Data\spark-3.3.0-bin-hadoop3\jars\audience-annotations-0.5.0.jar;C:\Big-Data\spark-3.3.0-bin-hadoop3\jars\automaton-1.11-8.jar;C:\Big-Data\spark-3.3.0-bin-hadoop3\jars\avro-1.11.0.jar;C:\Big-Data\spark-3.3.0-bin-hadoop3\jars\avro-ipc-1.11.0.jar;C:\Big-Data\spark-3.3.0-bin-hadoop3\jars\avro-mapred-1.11.0.jar;C:\Big-Data\spark-3.3.0-bin-hadoop3\jars\blas-2.2.1.jar;C:\Big-Data\spark-3.3.0-bin-hadoop3\jars\bonecp-0.8.0.RELEASE.jar;C:\Big-Data\spark-3.3.0-bin-hadoop3\jars\breeze-macros_2.12-1.2.jar;C:\Big-Data\spark-3.3.0-bin-hadoop3\jars\breeze_2.12-1.2.jar;C:\Big-Data\spark-3.3.0-bin-hadoop3\jars\cats-kernel_2.12-2.1.1.jar;C:\Big-Data\spark-3.3.0-bin-hadoop3\jars\chill-java-0.10.0.jar;C:\Big-Data\spark-3.3.0-bin-hadoop3\jars\chill_2.12-0.10.0.jar;C:\Big-Data\spark-3.3.0-bin-hadoop3\jars\commons-cli-1.5.0.jar;C:\Big-Data\spark-3.3.0-bin-hadoop3\jars\commons-codec-1.15.jar;C:\Big-Data\spark-3.3.0-bin-hadoop3\jars\commons-collections-3.2.2.jar;C:\Big-Data\spark-3.3.0-bin-hadoop3\jars\commons-collections4-4.4.jar;C:\Big-Data\spark-3.3.0-bin-hadoop3\jars\commons-compiler-3.0.16.jar;C:\Big-Data\spark-3.3.0-bin-hadoop3\jars\commons-compress-1.21.jar;C:\Big-Data\spark-3.3.0-bin-hadoop3\jars\commons-crypto-1.1.0.jar;C:\Big-Data\spark-3.3.0-bin-hadoop3\jars\commons-dbcp-1.4.jar;C:\Big-Data\spark-3.3.0-bin-hadoop3\jars\commons-io-2.11.0.jar;C:\Big-Data\spark-3.3.0-bin-hadoop3\jars\commons-lang-2.6.jar;C:\Big-Data\spark-3.3.0-bin-hadoop3\jars\commons-lang3-3.12.0.jar;C:\Big-Data\spark-3.3.0-bin-hadoop3\jars\commons-logging-1.1.3.jar;C:\Big-Data\spark-3.3.0-bin-hadoop3\jars\commons-math3-3.6.1.jar;C:\Big-Data\spark-3.3.0-bin-hadoop3\jars\commons-pool-1.5.4.jar;C:\Big-Data\spark-3.3.0-bin-hadoop3\jars\commons-text-1.9.jar;C:\Big-Data\spark-3.3.0-bin-hadoop3\jars\compress-lzf-1.1.jar;C:\Big-Data\spark-3.3.0-bin-hadoop3\jars\core-1.1.2.jar;C:\Big-Data\spark-3.3.0-bin-hadoop3\jars\curator-client-2.13.0.jar;C:\Big-Data\spark-3.3.0-bin-hadoop3\jars\curator-framework-2.13.0.jar;C:\Big-Data\spark-3.3.0-bin-hadoop3\jars\curator-recipes-2.13.0.jar;C:\Big-Data\spark-3.3.0-bin-hadoop3\jars\datanucleus-api-jdo-4.2.4.jar;C:\Big-Data\spark-3.3.0-bin-hadoop3\jars\datanucleus-core-4.1.17.jar;C:\Big-Data\spark-3.3.0-bin-hadoop3\jars\datanucleus-rdbms-4.1.19.jar;C:\Big-Data\spark-3.3.0-bin-hadoop3\jars\derby-10.14.2.0.jar;C:\Big-Data\spark-3.3.0-bin-hadoop3\jars\dropwizard-metrics-hadoop-metrics2-reporter-0.1.2.jar;C:\Big-Data\spark-3.3.0-bin-hadoop3\jars\flatbuffers-java-1.12.0.jar;C:\Big-Data\spark-3.3.0-bin-hadoop3\jars\generex-1.0.2.jar;C:\Big-Data\spark-3.3.0-bin-hadoop3\jars\gson-2.2.4.jar;C:\Big-Data\spark-3.3.0-bin-hadoop3\jars\guava-14.0.1.jar;C:\Big-Data\spark-3.3.0-bin-hadoop3\jars\hadoop-client-api-3.3.2.jar;C:\Big-Data\spark-3.3.0-bin-hadoop3\jars\hadoop-client-runtime-3.3.2.jar;C:\Big-Data\spark-3.3.0-bin-hadoop3\jars\hadoop-shaded-guava-1.1.1.jar;C:\Big-Data\spark-3.3.0-bin-hadoop3\jars\hadoop-yarn-server-web-proxy-3.3.2.jar;C:\Big-Data\spark-3.3.0-bin-hadoop3\jars\HikariCP-2.5.1.jar;C:\Big-Data\spark-3.3.0-bin-hadoop3\jars\hive-beeline-2.3.9.jar;C:\Big-Data\spark-3.3.0-bin-hadoop3\jars\hive-cli-2.3.9.jar;C:\Big-Data\spark-3.3.0-bin-hadoop3\jars\hive-common-2.3.9.jar;C:\Big-Data\spark-3.3.0-bin-hadoop3\jars\hive-exec-2.3.9-core.jar;C:\Big-Data\spark-3.3.0-bin-hadoop3\jars\hive-jdbc-2.3.9.jar;C:\Big-Data\spark-3.3.0-bin-hadoop3\jars\hive-llap-common-2.3.9.jar;C:\Big-Data\spark-3.3.0-bin-hadoop3\jars\hive-metastore-2.3.9.jar;C:\Big-Data\spark-3.3.0-bin-hadoop3\jars\hive-serde-2.3.9.jar;C:\Big-Data\spark-3.3.0-bin-hadoop3\jars\hive-service-rpc-3.1.2.jar;C:\Big-Data\spark-3.3.0-bin-hadoop3\jars\hive-shims-0.23-2.3.9.jar;C:\Big-Data\spark-3.3.0-bin-hadoop3\jars\hive-shims-2.3.9.jar;C:\Big-Data\spark-3.3.0-bin-hadoop3\jars\hive-shims-common-2.3.9.jar;C:\Big-Data\spark-3.3.0-bin-hadoop3\jars\hive-shims-scheduler-2.3.9.jar;C:\Big-Data\spark-3.3.0-bin-hadoop3\jars\hive-storage-api-2.7.2.jar;C:\Big-Data\spark-3.3.0-bin-hadoop3\jars\hive-vector-code-gen-2.3.9.jar;C:\Big-Data\spark-3.3.0-bin-hadoop3\jars\hk2-api-2.6.1.jar;C:\Big-Data\spark-3.3.0-bin-hadoop3\jars\hk2-locator-2.6.1.jar;C:\Big-Data\spark-3.3.0-bin-hadoop3\jars\hk2-utils-2.6.1.jar;C:\Big-Data\spark-3.3.0-bin-hadoop3\jars\httpclient-4.5.13.jar;C:\Big-Data\spark-3.3.0-bin-hadoop3\jars\httpcore-4.4.14.jar;C:\Big-Data\spark-3.3.0-bin-hadoop3\jars\istack-commons-runtime-3.0.8.jar;C:\Big-Data\spark-3.3.0-bin-hadoop3\jars\ivy-2.5.0.jar;C:\Big-Data\spark-3.3.0-bin-hadoop3\jars\jackson-annotations-2.13.3.jar;C:\Big-Data\spark-3.3.0-bin-hadoop3\jars\jackson-core-2.13.3.jar;C:\Big-Data\spark-3.3.0-bin-hadoop3\jars\jackson-core-asl-1.9.13.jar;C:\Big-Data\spark-3.3.0-bin-hadoop3\jars\jackson-databind-2.13.3.jar;C:\Big-Data\spark-3.3.0-bin-hadoop3\jars\jackson-dataformat-yaml-2.13.3.jar;C:\Big-Data\spark-3.3.0-bin-hadoop3\jars\jackson-datatype-jsr310-2.13.3.jar;C:\Big-Data\spark-3.3.0-bin-hadoop3\jars\jackson-mapper-asl-1.9.13.jar;C:\Big-Data\spark-3.3.0-bin-hadoop3\jars\jackson-module-scala_2.12-2.13.3.jar;C:\Big-Data\spark-3.3.0-bin-hadoop3\jars\jakarta.annotation-api-1.3.5.jar;C:\Big-Data\spark-3.3.0-bin-hadoop3\jars\jakarta.inject-2.6.1.jar;C:\Big-Data\spark-3.3.0-bin-hadoop3\jars\jakarta.servlet-api-4.0.3.jar;C:\Big-Data\spark-3.3.0-bin-hadoop3\jars\jakarta.validation-api-2.0.2.jar;C:\Big-Data\spark-3.3.0-bin-hadoop3\jars\jakarta.ws.rs-api-2.1.6.jar;C:\Big-Data\spark-3.3.0-bin-hadoop3\jars\jakarta.xml.bind-api-2.3.2.jar;C:\Big-Data\spark-3.3.0-bin-hadoop3\jars\janino-3.0.16.jar;C:\Big-Data\spark-3.3.0-bin-hadoop3\jars\javassist-3.25.0-GA.jar;C:\Big-Data\spark-3.3.0-bin-hadoop3\jars\javax.jdo-3.2.0-m3.jar;C:\Big-Data\spark-3.3.0-bin-hadoop3\jars\javolution-5.5.1.jar;C:\Big-Data\spark-3.3.0-bin-hadoop3\jars\jaxb-runtime-2.3.2.jar;C:\Big-Data\spark-3.3.0-bin-hadoop3\jars\jcl-over-slf4j-1.7.32.jar;C:\Big-Data\spark-3.3.0-bin-hadoop3\jars\jdo-api-3.0.1.jar;C:\Big-Data\spark-3.3.0-bin-hadoop3\jars\jersey-client-2.34.jar;C:\Big-Data\spark-3.3.0-bin-hadoop3\jars\jersey-common-2.34.jar;C:\Big-Data\spark-3.3.0-bin-hadoop3\jars\jersey-container-servlet-2.34.jar;C:\Big-Data\spark-3.3.0-bin-hadoop3\jars\jersey-container-servlet-core-2.34.jar;C:\Big-Data\spark-3.3.0-bin-hadoop3\jars\jersey-hk2-2.34.jar;C:\Big-Data\spark-3.3.0-bin-hadoop3\jars\jersey-server-2.34.jar;C:\Big-Data\spark-3.3.0-bin-hadoop3\jars\JLargeArrays-1.5.jar;C:\Big-Data\spark-3.3.0-bin-hadoop3\jars\jline-2.14.6.jar;C:\Big-Data\spark-3.3.0-bin-hadoop3\jars\joda-time-2.10.13.jar;C:\Big-Data\spark-3.3.0-bin-hadoop3\jars\jodd-core-3.5.2.jar;C:\Big-Data\spark-3.3.0-bin-hadoop3\jars\jpam-1.1.jar;C:\Big-Data\spark-3.3.0-bin-hadoop3\jars\json-1.8.jar;C:\Big-Data\spark-3.3.0-bin-hadoop3\jars\json4s-ast_2.12-3.7.0-M11.jar;C:\Big-Data\spark-3.3.0-bin-hadoop3\jars\json4s-core_2.12-3.7.0-M11.jar;C:\Big-Data\spark-3.3.0-bin-hadoop3\jars\json4s-jackson_2.12-3.7.0-M11.jar;C:\Big-Data\spark-3.3.0-bin-hadoop3\jars\json4s-scalap_2.12-3.7.0-M11.jar;C:\Big-Data\spark-3.3.0-bin-hadoop3\jars\jsr305-3.0.0.jar;C:\Big-Data\spark-3.3.0-bin-hadoop3\jars\jta-1.1.jar;C:\Big-Data\spark-3.3.0-bin-hadoop3\jars\JTransforms-3.1.jar;C:\Big-Data\spark-3.3.0-bin-hadoop3\jars\jul-to-slf4j-1.7.32.jar;C:\Big-Data\spark-3.3.0-bin-hadoop3\jars\kryo-shaded-4.0.2.jar;C:\Big-Data\spark-3.3.0-bin-hadoop3\jars\kubernetes-client-5.12.2.jar;C:\Big-Data\spark-3.3.0-bin-hadoop3\jars\kubernetes-model-admissionregistration-5.12.2.jar;C:\Big-Data\spark-3.3.0-bin-hadoop3\jars\kubernetes-model-apiextensions-5.12.2.jar;C:\Big-Data\spark-3.3.0-bin-hadoop3\jars\kubernetes-model-apps-5.12.2.jar;C:\Big-Data\spark-3.3.0-bin-hadoop3\jars\kubernetes-model-autoscaling-5.12.2.jar;C:\Big-Data\spark-3.3.0-bin-hadoop3\jars\kubernetes-model-batch-5.12.2.jar;C:\Big-Data\spark-3.3.0-bin-hadoop3\jars\kubernetes-model-certificates-5.12.2.jar;C:\Big-Data\spark-3.3.0-bin-hadoop3\jars\kubernetes-model-common-5.12.2.jar;C:\Big-Data\spark-3.3.0-bin-hadoop3\jars\kubernetes-model-coordination-5.12.2.jar;C:\Big-Data\spark-3.3.0-bin-hadoop3\jars\kubernetes-model-core-5.12.2.jar;C:\Big-Data\spark-3.3.0-bin-hadoop3\jars\kubernetes-model-discovery-5.12.2.jar;C:\Big-Data\spark-3.3.0-bin-hadoop3\jars\kubernetes-model-events-5.12.2.jar;C:\Big-Data\spark-3.3.0-bin-hadoop3\jars\kubernetes-model-extensions-5.12.2.jar;C:\Big-Data\spark-3.3.0-bin-hadoop3\jars\kubernetes-model-flowcontrol-5.12.2.jar;C:\Big-Data\spark-3.3.0-bin-hadoop3\jars\kubernetes-model-metrics-5.12.2.jar;C:\Big-Data\spark-3.3.0-bin-hadoop3\jars\kubernetes-model-networking-5.12.2.jar;C:\Big-Data\spark-3.3.0-bin-hadoop3\jars\kubernetes-model-node-5.12.2.jar;C:\Big-Data\spark-3.3.0-bin-hadoop3\jars\kubernetes-model-policy-5.12.2.jar;C:\Big-Data\spark-3.3.0-bin-hadoop3\jars\kubernetes-model-rbac-5.12.2.jar;C:\Big-Data\spark-3.3.0-bin-hadoop3\jars\kubernetes-model-scheduling-5.12.2.jar;C:\Big-Data\spark-3.3.0-bin-hadoop3\jars\kubernetes-model-storageclass-5.12.2.jar;C:\Big-Data\spark-3.3.0-bin-hadoop3\jars\lapack-2.2.1.jar;C:\Big-Data\spark-3.3.0-bin-hadoop3\jars\leveldbjni-all-1.8.jar;C:\Big-Data\spark-3.3.0-bin-hadoop3\jars\libfb303-0.9.3.jar;C:\Big-Data\spark-3.3.0-bin-hadoop3\jars\libthrift-0.12.0.jar;C:\Big-Data\spark-3.3.0-bin-hadoop3\jars\log4j-1.2-api-2.17.2.jar;C:\Big-Data\spark-3.3.0-bin-hadoop3\jars\log4j-api-2.17.2.jar;C:\Big-Data\spark-3.3.0-bin-hadoop3\jars\log4j-core-2.17.2.jar;C:\Big-Data\spark-3.3.0-bin-hadoop3\jars\log4j-slf4j-impl-2.17.2.jar;C:\Big-Data\spark-3.3.0-bin-hadoop3\jars\logging-interceptor-3.12.12.jar;C:\Big-Data\spark-3.3.0-bin-hadoop3\jars\lz4-java-1.8.0.jar;C:\Big-Data\spark-3.3.0-bin-hadoop3\jars\mesos-1.4.3-shaded-protobuf.jar;C:\Big-Data\spark-3.3.0-bin-hadoop3\jars\metrics-core-4.2.7.jar;C:\Big-Data\spark-3.3.0-bin-hadoop3\jars\metrics-graphite-4.2.7.jar;C:\Big-Data\spark-3.3.0-bin-hadoop3\jars\metrics-jmx-4.2.7.jar;C:\Big-Data\spark-3.3.0-bin-hadoop3\jars\metrics-json-4.2.7.jar;C:\Big-Data\spark-3.3.0-bin-hadoop3\jars\metrics-jvm-4.2.7.jar;C:\Big-Data\spark-3.3.0-bin-hadoop3\jars\minlog-1.3.0.jar;C:\Big-Data\spark-3.3.0-bin-hadoop3\jars\netty-all-4.1.74.Final.jar;C:\Big-Data\spark-3.3.0-bin-hadoop3\jars\netty-buffer-4.1.74.Final.jar;C:\Big-Data\spark-3.3.0-bin-hadoop3\jars\netty-codec-4.1.74.Final.jar;C:\Big-Data\spark-3.3.0-bin-hadoop3\jars\netty-common-4.1.74.Final.jar;C:\Big-Data\spark-3.3.0-bin-hadoop3\jars\netty-handler-4.1.74.Final.jar;C:\Big-Data\spark-3.3.0-bin-hadoop3\jars\netty-resolver-4.1.74.Final.jar;C:\Big-Data\spark-3.3.0-bin-hadoop3\jars\netty-tcnative-classes-2.0.48.Final.jar;C:\Big-Data\spark-3.3.0-bin-hadoop3\jars\netty-transport-4.1.74.Final.jar;C:\Big-Data\spark-3.3.0-bin-hadoop3\jars\netty-transport-classes-epoll-4.1.74.Final.jar;C:\Big-Data\spark-3.3.0-bin-hadoop3\jars\netty-transport-classes-kqueue-4.1.74.Final.jar;C:\Big-Data\spark-3.3.0-bin-hadoop3\jars\netty-transport-native-epoll-4.1.74.Final-linux-aarch_64.jar;C:\Big-Data\spark-3.3.0-bin-hadoop3\jars\netty-transport-native-epoll-4.1.74.Final-linux-x86_64.jar;C:\Big-Data\spark-3.3.0-bin-hadoop3\jars\netty-transport-native-kqueue-4.1.74.Final-osx-aarch_64.jar;C:\Big-Data\spark-3.3.0-bin-hadoop3\jars\netty-transport-native-kqueue-4.1.74.Final-osx-x86_64.jar;C:\Big-Data\spark-3.3.0-bin-hadoop3\jars\netty-transport-native-unix-common-4.1.74.Final.jar;C:\Big-Data\spark-3.3.0-bin-hadoop3\jars\objenesis-3.2.jar;C:\Big-Data\spark-3.3.0-bin-hadoop3\jars\okhttp-3.12.12.jar;C:\Big-Data\spark-3.3.0-bin-hadoop3\jars\okio-1.14.0.jar;C:\Big-Data\spark-3.3.0-bin-hadoop3\jars\opencsv-2.3.jar;C:\Big-Data\spark-3.3.0-bin-hadoop3\jars\orc-core-1.7.4.jar;C:\Big-Data\spark-3.3.0-bin-hadoop3\jars\orc-mapreduce-1.7.4.jar;C:\Big-Data\spark-3.3.0-bin-hadoop3\jars\orc-shims-1.7.4.jar;C:\Big-Data\spark-3.3.0-bin-hadoop3\jars\oro-2.0.8.jar;C:\Big-Data\spark-3.3.0-bin-hadoop3\jars\osgi-resource-locator-1.0.3.jar;C:\Big-Data\spark-3.3.0-bin-hadoop3\jars\paranamer-2.8.jar;C:\Big-Data\spark-3.3.0-bin-hadoop3\jars\parquet-column-1.12.2.jar;C:\Big-Data\spark-3.3.0-bin-hadoop3\jars\parquet-common-1.12.2.jar;C:\Big-Data\spark-3.3.0-bin-hadoop3\jars\parquet-encoding-1.12.2.jar;C:\Big-Data\spark-3.3.0-bin-hadoop3\jars\parquet-format-structures-1.12.2.jar;C:\Big-Data\spark-3.3.0-bin-hadoop3\jars\parquet-hadoop-1.12.2.jar;C:\Big-Data\spark-3.3.0-bin-hadoop3\jars\parquet-jackson-1.12.2.jar;C:\Big-Data\spark-3.3.0-bin-hadoop3\jars\pickle-1.2.jar;C:\Big-Data\spark-3.3.0-bin-hadoop3\jars\protobuf-java-2.5.0.jar;C:\Big-Data\spark-3.3.0-bin-hadoop3\jars\py4j-0.10.9.5.jar;C:\Big-Data\spark-3.3.0-bin-hadoop3\jars\RoaringBitmap-0.9.25.jar;C:\Big-Data\spark-3.3.0-bin-hadoop3\jars\rocksdbjni-6.20.3.jar;C:\Big-Data\spark-3.3.0-bin-hadoop3\jars\scala-collection-compat_2.12-2.1.1.jar;C:\Big-Data\spark-3.3.0-bin-hadoop3\jars\scala-compiler-2.12.15.jar;C:\Big-Data\spark-3.3.0-bin-hadoop3\jars\scala-library-2.12.15.jar;C:\Big-Data\spark-3.3.0-bin-hadoop3\jars\scala-parser-combinators_2.12-1.1.2.jar;C:\Big-Data\spark-3.3.0-bin-hadoop3\jars\scala-reflect-2.12.15.jar;C:\Big-Data\spark-3.3.0-bin-hadoop3\jars\scala-xml_2.12-1.2.0.jar;C:\Big-Data\spark-3.3.0-bin-hadoop3\jars\shapeless_2.12-2.3.7.jar;C:\Big-Data\spark-3.3.0-bin-hadoop3\jars\shims-0.9.25.jar;C:\Big-Data\spark-3.3.0-bin-hadoop3\jars\slf4j-api-1.7.32.jar;C:\Big-Data\spark-3.3.0-bin-hadoop3\jars\snakeyaml-1.30.jar;C:\Big-Data\spark-3.3.0-bin-hadoop3\jars\snappy-java-1.1.8.4.jar;C:\Big-Data\spark-3.3.0-bin-hadoop3\jars\spark-catalyst_2.12-3.3.0.jar;C:\Big-Data\spark-3.3.0-bin-hadoop3\jars\spark-core_2.12-3.3.0.jar;C:\Big-Data\spark-3.3.0-bin-hadoop3\jars\spark-graphx_2.12-3.3.0.jar;C:\Big-Data\spark-3.3.0-bin-hadoop3\jars\spark-hive-thriftserver_2.12-3.3.0.jar;C:\Big-Data\spark-3.3.0-bin-hadoop3\jars\spark-hive_2.12-3.3.0.jar;C:\Big-Data\spark-3.3.0-bin-hadoop3\jars\spark-kubernetes_2.12-3.3.0.jar;C:\Big-Data\spark-3.3.0-bin-hadoop3\jars\spark-kvstore_2.12-3.3.0.jar;C:\Big-Data\spark-3.3.0-bin-hadoop3\jars\spark-launcher_2.12-3.3.0.jar;C:\Big-Data\spark-3.3.0-bin-hadoop3\jars\spark-mesos_2.12-3.3.0.jar;C:\Big-Data\spark-3.3.0-bin-hadoop3\jars\spark-mllib-local_2.12-3.3.0.jar;C:\Big-Data\spark-3.3.0-bin-hadoop3\jars\spark-mllib_2.12-3.3.0.jar;C:\Big-Data\spark-3.3.0-bin-hadoop3\jars\spark-network-common_2.12-3.3.0.jar;C:\Big-Data\spark-3.3.0-bin-hadoop3\jars\spark-network-shuffle_2.12-3.3.0.jar;C:\Big-Data\spark-3.3.0-bin-hadoop3\jars\spark-repl_2.12-3.3.0.jar;C:\Big-Data\spark-3.3.0-bin-hadoop3\jars\spark-sketch_2.12-3.3.0.jar;C:\Big-Data\spark-3.3.0-bin-hadoop3\jars\spark-sql_2.12-3.3.0.jar;C:\Big-Data\spark-3.3.0-bin-hadoop3\jars\spark-streaming_2.12-3.3.0.jar;C:\Big-Data\spark-3.3.0-bin-hadoop3\jars\spark-tags_2.12-3.3.0-tests.jar;C:\Big-Data\spark-3.3.0-bin-hadoop3\jars\spark-tags_2.12-3.3.0.jar;C:\Big-Data\spark-3.3.0-bin-hadoop3\jars\spark-unsafe_2.12-3.3.0.jar;C:\Big-Data\spark-3.3.0-bin-hadoop3\jars\spark-yarn_2.12-3.3.0.jar;C:\Big-Data\spark-3.3.0-bin-hadoop3\jars\spire-macros_2.12-0.17.0.jar;C:\Big-Data\spark-3.3.0-bin-hadoop3\jars\spire-platform_2.12-0.17.0.jar;C:\Big-Data\spark-3.3.0-bin-hadoop3\jars\spire-util_2.12-0.17.0.jar;C:\Big-Data\spark-3.3.0-bin-hadoop3\jars\spire_2.12-0.17.0.jar;C:\Big-Data\spark-3.3.0-bin-hadoop3\jars\ST4-4.0.4.jar;C:\Big-Data\spark-3.3.0-bin-hadoop3\jars\stax-api-1.0.1.jar;C:\Big-Data\spark-3.3.0-bin-hadoop3\jars\stream-2.9.6.jar;C:\Big-Data\spark-3.3.0-bin-hadoop3\jars\super-csv-2.2.0.jar;C:\Big-Data\spark-3.3.0-bin-hadoop3\jars\threeten-extra-1.5.0.jar;C:\Big-Data\spark-3.3.0-bin-hadoop3\jars\tink-1.6.1.jar;C:\Big-Data\spark-3.3.0-bin-hadoop3\jars\transaction-api-1.1.jar;C:\Big-Data\spark-3.3.0-bin-hadoop3\jars\univocity-parsers-2.9.1.jar;C:\Big-Data\spark-3.3.0-bin-hadoop3\jars\velocity-1.5.jar;C:\Big-Data\spark-3.3.0-bin-hadoop3\jars\xbean-asm9-shaded-4.20.jar;C:\Big-Data\spark-3.3.0-bin-hadoop3\jars\xz-1.8.jar;C:\Big-Data\spark-3.3.0-bin-hadoop3\jars\zjsonpatch-0.3.0.jar;C:\Big-Data\spark-3.3.0-bin-hadoop3\jars\zookeeper-3.6.2.jar;C:\Big-Data\spark-3.3.0-bin-hadoop3\jars\zookeeper-jute-3.6.2.jar;C:\Big-Data\spark-3.3.0-bin-hadoop3\jars\zstd-jni-1.5.2-1.jar
Launcher Type: SUN_STANDARD

[Global flags]
     intx CICompilerCount                          = 4                                         {product} {ergonomic}
     uint ConcGCThreads                            = 2                                         {product} {ergonomic}
     uint G1ConcRefinementThreads                  = 8                                         {product} {ergonomic}
   size_t G1HeapRegionSize                         = 33554432                                  {product} {ergonomic}
    uintx GCDrainStackTargetSize                   = 64                                        {product} {ergonomic}
     bool IgnoreUnrecognizedVMOptions              = true                                      {product} {command line}
   size_t InitialHeapSize                          = 134217728                                 {product} {ergonomic}
   size_t MarkStackSize                            = 4194304                                   {product} {ergonomic}
   size_t MaxHeapSize                              = 53687091200                               {product} {command line}
   size_t MaxNewSize                               = 32212254720                               {product} {ergonomic}
   size_t MinHeapDeltaBytes                        = 33554432                                  {product} {ergonomic}
   size_t MinHeapSize                              = 33554432                                  {product} {ergonomic}
    uintx NonNMethodCodeHeapSize                   = 5839372                                {pd product} {ergonomic}
    uintx NonProfiledCodeHeapSize                  = 122909434                              {pd product} {ergonomic}
    uintx ProfiledCodeHeapSize                     = 122909434                              {pd product} {ergonomic}
    uintx ReservedCodeCacheSize                    = 251658240                              {pd product} {ergonomic}
     bool SegmentedCodeCache                       = true                                      {product} {ergonomic}
   size_t SoftMaxHeapSize                          = 53687091200                            {manageable} {ergonomic}
     bool UseCompressedClassPointers               = true                           {product lp64_product} {ergonomic}
     bool UseG1GC                                  = true                                      {product} {ergonomic}
     bool UseLargePagesIndividualAllocation        = false                                  {pd product} {ergonomic}

Logging:
Log output configuration:
 #0: stdout all=warning uptime,level,tags foldmultilines=false
 #1: stderr all=off uptime,level,tags foldmultilines=false

Environment Variables:
JAVA_HOME=C:\Program Files\Java\jdk-18.0.1.1
PATH=C:\Users\yunus\AppData\Local\Continuum\anaconda3\envs\tf-gpu;C:\Users\yunus\AppData\Local\Continuum\anaconda3\envs\tf-gpu\Library\mingw-w64\bin;C:\Users\yunus\AppData\Local\Continuum\anaconda3\envs\tf-gpu\Library\usr\bin;C:\Users\yunus\AppData\Local\Continuum\anaconda3\envs\tf-gpu\Library\bin;C:\Users\yunus\AppData\Local\Continuum\anaconda3\envs\tf-gpu\Scripts;C:\Users\yunus\AppData\Local\Continuum\anaconda3\envs\tf-gpu\bin;C:\Users\yunus\AppData\Local\Continuum\anaconda3\condabin;C:\Users\yunus\AppData\Local\Continuum\anaconda3;C:\Users\yunus\AppData\Local\Continuum\anaconda3\Library\mingw-w64\bin;C:\Users\yunus\AppData\Local\Continuum\anaconda3\Library\usr\bin;C:\Users\yunus\AppData\Local\Continuum\anaconda3\Library\bin;C:\Users\yunus\AppData\Local\Continuum\anaconda3\Scripts;C:\Program Files (x86)\Common Files\Oracle\Java\javapath;C:\Program Files\NVIDIA GPU Computing Toolkit\CUDA\v11.2\bin;C:\Program Files\NVIDIA GPU Computing Toolkit\CUDA\v11.2\libnvvp;C:\Program Files\NVIDIA GPU Computing Toolkit\CUDA\v10.1\bin;C:\Program Files\NVIDIA GPU Computing Toolkit\CUDA\v10.1\libnvvp;C:\Windows\system32;C:\Windows;C:\Windows\System32\Wbem;C:\Windows\System32\WindowsPowerShell\v1.0;C:\Windows\System32\OpenSSH;C:\Program Files (x86)\NVIDIA Corporation\PhysX\Common;C:\Program Files\Microsoft SQL Server\Client SDK\ODBC\170\Tools\Binn;C:\Program Files (x86)\Microsoft SQL Server\150\Tools\Binn;C:\Program Files\Microsoft SQL Server\150\Tools\Binn;C:\Program Files\Microsoft SQL Server\150\DTS\Binn;C:\Program Files (x86)\Microsoft SQL Server\150\DTS\Binn;C:\Program Files\NVIDIA GPU Computing Toolkit\CUDA\v10.1\extras\CUPTI\libx64;C:\Program Files\NVIDIA GPU Computing Toolkit\CUDA\v10.1\include;C:\tools\cuda\bin;C:\WINDOWS\system32;C:\WINDOWS;C:\WINDOWS\System32\Wbem;C:\WINDOWS\System32\WindowsPowerShell\v1.0;C:\WINDOWS\System32\OpenSSH;C:\Program Files\NVIDIA Corporation\NVIDIA NvDLISR;C:\Program Files\NVIDIA Corporation\Nsight Compute 2020.3.1;C:\WINDOWS\system32;C:\WINDOWS;C:\WINDOWS\System32\Wbem;C:\WINDOWS\System32\WindowsPowerShell\v1.0;C:\WINDOWS\System32\OpenSSH;C:\Big-Data\apache-zookeeper-3.5.10\bin;C:\Program Files\Java\jdk-18.0.1.1\bin;C:\Big-Data\spark-3.3.0-bin-hadoop3\bin;C:\Big-Data\hadoop-3.3.3\bin;C:\Big-Data\hadoop-3.3.3\sbin;C:\Users\yunus\AppData\Local\Microsoft\WindowsApps;C:\Users\yunus\AppData\Local\GitHubDesktop\bin;C:\Program Files\Graphviz\bin;C:\Users\yunus\AppData\Local\Programs\MiKTeX\miktex\bin\x64;C:\Users\yunus\AppData\Local\Continuum\anaconda3\envs\tf-gpu\lib\site-packages\numpy\.libs;C:\Users\yunus\AppData\Local\Continuum\anaconda3\envs\tf-gpu\lib\site-packages\numpy\.libs
USERNAME=yunus
OS=Windows_NT
PROCESSOR_IDENTIFIER=Intel64 Family 6 Model 158 Stepping 10, GenuineIntel



---------------  S Y S T E M  ---------------

OS:
 Windows 11 , 64 bit Build 22000 (10.0.22000.1219)
OS uptime: 33 days 9:56 hours

CPU: total 8 (initial active 8) (4 cores per cpu, 2 threads per core) family 6 model 158 stepping 10 microcode 0xde, cx8, cmov, fxsr, ht, mmx, 3dnowpref, sse, sse2, sse3, ssse3, sse4.1, sse4.2, popcnt, lzcnt, tsc, tscinvbit, avx, avx2, aes, erms, clmul, bmi1, bmi2, adx, fma, vzeroupper, clflush, clflushopt

Memory: 4k page, system-wide physical 8072M (596M free)
TotalPageFile size 32240M (AvailPageFile size 714M)
current process WorkingSet (physical memory assigned to process): 87M, peak: 3636M
current process commit charge ("private bytes"): 2241M, peak: 6254M

vm_info: Java HotSpot(TM) 64-Bit Server VM (18.0.1.1+2-6) for windows-amd64 JRE (18.0.1.1+2-6), built on Apr 25 2022 21:53:15 by "mach5one" with MS VC++ 16.8 / 16.9 (VS2019)

END.
